
 /----------------------------------------------------------------------------\
 |                                                                            |
 |  yosys -- Yosys Open SYnthesis Suite                                       |
 |                                                                            |
 |  Copyright (C) 2012 - 2020  Claire Xenia Wolf <claire@yosyshq.com>         |
 |                                                                            |
 |  Permission to use, copy, modify, and/or distribute this software for any  |
 |  purpose with or without fee is hereby granted, provided that the above    |
 |  copyright notice and this permission notice appear in all copies.         |
 |                                                                            |
 |  THE SOFTWARE IS PROVIDED "AS IS" AND THE AUTHOR DISCLAIMS ALL WARRANTIES  |
 |  WITH REGARD TO THIS SOFTWARE INCLUDING ALL IMPLIED WARRANTIES OF          |
 |  MERCHANTABILITY AND FITNESS. IN NO EVENT SHALL THE AUTHOR BE LIABLE FOR   |
 |  ANY SPECIAL, DIRECT, INDIRECT, OR CONSEQUENTIAL DAMAGES OR ANY DAMAGES    |
 |  WHATSOEVER RESULTING FROM LOSS OF USE, DATA OR PROFITS, WHETHER IN AN     |
 |  ACTION OF CONTRACT, NEGLIGENCE OR OTHER TORTIOUS ACTION, ARISING OUT OF   |
 |  OR IN CONNECTION WITH THE USE OR PERFORMANCE OF THIS SOFTWARE.            |
 |                                                                            |
 \----------------------------------------------------------------------------/

 Yosys 0.33 (git sha1 2584903a060)


-- Executing script file `design_smt2.ys' --

1. Executing RTLIL frontend.
Input filename: design_prep.il

2. Executing HIERARCHY pass (managing design hierarchy).

2.1. Analyzing design hierarchy..
Top module:  \picorv32

2.2. Analyzing design hierarchy..
Top module:  \picorv32
Removed 0 unused modules.
Module picorv32 directly or indirectly contains formal properties -> setting "keep" attribute.

3. Executing FORMALFF pass.

4. Executing DFFUNMAP pass (unmap clock enable and synchronous reset from FFs).

5. Printing statistics.

=== picorv32 ===

   Number of wires:                942
   Number of wire bits:          10332
   Number of public wires:         284
   Number of public wire bits:    2884
   Number of memories:               0
   Number of memory bits:            0
   Number of processes:              0
   Number of cells:                953
     $add                            8
     $and                            2
     $anyinit                      148
     $anyseq                        72
     $assert                        23
     $assume                         3
     $eq                            46
     $ff                            14
     $ge                             1
     $initstate                      1
     $logic_and                     85
     $logic_not                     27
     $logic_or                      27
     $lt                             2
     $mem_v2                         1
     $mux                          407
     $ne                             1
     $not                            2
     $or                             1
     $pmux                          44
     $reduce_and                     1
     $reduce_bool                    4
     $reduce_or                     28
     $shl                            1
     $sub                            3
     $xor                            1

6. Executing SMT2 backend.

6.1. Executing BMUXMAP pass.

6.2. Executing DEMUXMAP pass.
Creating SMT-LIBv2 representation of module picorv32.

End of script. Logfile hash: e0082eca13, CPU: user 0.07s system 0.01s, MEM: 16.96 MB peak
Yosys 0.33 (git sha1 2584903a060)
Time spent: 63% 2x write_smt2 (0 sec), 21% 2x read_rtlil (0 sec), ...
