
 /----------------------------------------------------------------------------\
 |                                                                            |
 |  yosys -- Yosys Open SYnthesis Suite                                       |
 |                                                                            |
 |  Copyright (C) 2012 - 2020  Claire Xenia Wolf <claire@yosyshq.com>         |
 |                                                                            |
 |  Permission to use, copy, modify, and/or distribute this software for any  |
 |  purpose with or without fee is hereby granted, provided that the above    |
 |  copyright notice and this permission notice appear in all copies.         |
 |                                                                            |
 |  THE SOFTWARE IS PROVIDED "AS IS" AND THE AUTHOR DISCLAIMS ALL WARRANTIES  |
 |  WITH REGARD TO THIS SOFTWARE INCLUDING ALL IMPLIED WARRANTIES OF          |
 |  MERCHANTABILITY AND FITNESS. IN NO EVENT SHALL THE AUTHOR BE LIABLE FOR   |
 |  ANY SPECIAL, DIRECT, INDIRECT, OR CONSEQUENTIAL DAMAGES OR ANY DAMAGES    |
 |  WHATSOEVER RESULTING FROM LOSS OF USE, DATA OR PROFITS, WHETHER IN AN     |
 |  ACTION OF CONTRACT, NEGLIGENCE OR OTHER TORTIOUS ACTION, ARISING OUT OF   |
 |  OR IN CONNECTION WITH THE USE OR PERFORMANCE OF THIS SOFTWARE.            |
 |                                                                            |
 \----------------------------------------------------------------------------/

 Yosys 0.33 (git sha1 2584903a060)


-- Executing script file `../model/design.ys' --

1. Executing Verilog-2005 frontend: picorv32.v
Parsing formal SystemVerilog input from `picorv32.v' to AST representation.
Storing AST representation for module `$abstract\picorv32'.
Storing AST representation for module `$abstract\picorv32_regs'.
Storing AST representation for module `$abstract\picorv32_pcpi_mul'.
Storing AST representation for module `$abstract\picorv32_pcpi_fast_mul'.
Storing AST representation for module `$abstract\picorv32_pcpi_div'.
Storing AST representation for module `$abstract\picorv32_axi'.
Storing AST representation for module `$abstract\picorv32_axi_adapter'.
Storing AST representation for module `$abstract\picorv32_wb'.
Successfully finished Verilog frontend.

2. Executing PREP pass.

2.1. Executing HIERARCHY pass (managing design hierarchy).

2.2. Executing AST frontend in derive mode using pre-parsed AST for module `\picorv32'.
Generating RTLIL representation for module `\picorv32'.

2.2.1. Analyzing design hierarchy..
Top module:  \picorv32

2.2.2. Analyzing design hierarchy..
Top module:  \picorv32
Removing unused module `$abstract\picorv32_wb'.
Removing unused module `$abstract\picorv32_axi_adapter'.
Removing unused module `$abstract\picorv32_axi'.
Removing unused module `$abstract\picorv32_pcpi_div'.
Removing unused module `$abstract\picorv32_pcpi_fast_mul'.
Removing unused module `$abstract\picorv32_pcpi_mul'.
Removing unused module `$abstract\picorv32_regs'.
Removing unused module `$abstract\picorv32'.
Removed 8 unused modules.
Module picorv32 directly or indirectly contains formal properties -> setting "keep" attribute.

2.3. Executing PROC pass (convert processes to netlists).

2.3.1. Executing PROC_CLEAN pass (remove empty switches from decision trees).
Found and cleaned up 1 empty switch in `\picorv32.$proc$picorv32.v:0$816'.
Removing empty process `picorv32.$proc$picorv32.v:0$816'.
Found and cleaned up 17 empty switches in `\picorv32.$proc$picorv32.v:1402$564'.
Found and cleaned up 1 empty switch in `\picorv32.$proc$picorv32.v:1348$548'.
Cleaned up 19 empty switches.

2.3.2. Executing PROC_RMDEAD pass (remove dead branches from decision trees).
Marked 9 switch rules as full_case in process $proc$picorv32.v:2118$742 in module picorv32.
Marked 34 switch rules as full_case in process $proc$picorv32.v:1402$564 in module picorv32.
Marked 1 switch rules as full_case in process $proc$picorv32.v:1337$539 in module picorv32.
Marked 2 switch rules as full_case in process $proc$picorv32.v:1309$527 in module picorv32.
Marked 2 switch rules as full_case in process $proc$picorv32.v:1295$522 in module picorv32.
Marked 8 switch rules as full_case in process $proc$picorv32.v:1186$487 in module picorv32.
Marked 3 switch rules as full_case in process $proc$picorv32.v:858$224 in module picorv32.
Marked 3 switch rules as full_case in process $proc$picorv32.v:809$222 in module picorv32.
Marked 2 switch rules as full_case in process $proc$picorv32.v:778$218 in module picorv32.
Marked 48 switch rules as full_case in process $proc$picorv32.v:701$217 in module picorv32.
Marked 4 switch rules as full_case in process $proc$picorv32.v:565$168 in module picorv32.
Marked 1 switch rules as full_case in process $proc$picorv32.v:430$111 in module picorv32.
Removed 2 dead cases from process $proc$picorv32.v:401$108 in module picorv32.
Marked 2 switch rules as full_case in process $proc$picorv32.v:401$108 in module picorv32.
Marked 1 switch rules as full_case in process $proc$picorv32.v:390$103 in module picorv32.
Marked 1 switch rules as full_case in process $proc$picorv32.v:325$29 in module picorv32.
Removed a total of 2 dead cases.

2.3.3. Executing PROC_PRUNE pass (remove redundant assignments in processes).
Removed 3 redundant assignments.
Promoted 88 assignments to connections.

2.3.4. Executing PROC_INIT pass (extract init attributes).
Found init rule in `\picorv32.$proc$picorv32.v:0$858'.
  Set init value: $formal$picorv32.v:2159$27_EN = 1'0
Found init rule in `\picorv32.$proc$picorv32.v:0$856'.
  Set init value: $formal$picorv32.v:2158$26_EN = 1'0
Found init rule in `\picorv32.$proc$picorv32.v:0$854'.
  Set init value: $formal$picorv32.v:2157$25_EN = 1'0
Found init rule in `\picorv32.$proc$picorv32.v:0$852'.
  Set init value: $formal$picorv32.v:2156$24_EN = 1'0
Found init rule in `\picorv32.$proc$picorv32.v:0$850'.
  Set init value: $formal$picorv32.v:2153$23_EN = 1'0
Found init rule in `\picorv32.$proc$picorv32.v:0$848'.
  Set init value: $formal$picorv32.v:2152$22_EN = 1'0
Found init rule in `\picorv32.$proc$picorv32.v:0$846'.
  Set init value: $formal$picorv32.v:2151$21_EN = 1'0
Found init rule in `\picorv32.$proc$picorv32.v:0$844'.
  Set init value: $formal$picorv32.v:630$17_EN = 1'0
Found init rule in `\picorv32.$proc$picorv32.v:0$842'.
  Set init value: $formal$picorv32.v:629$16_EN = 1'0
Found init rule in `\picorv32.$proc$picorv32.v:0$840'.
  Set init value: $formal$picorv32.v:622$15_EN = 1'0
Found init rule in `\picorv32.$proc$picorv32.v:0$838'.
  Set init value: $formal$picorv32.v:621$14_EN = 1'0
Found init rule in `\picorv32.$proc$picorv32.v:0$836'.
  Set init value: $formal$picorv32.v:598$13_EN = 1'0
Found init rule in `\picorv32.$proc$picorv32.v:0$834'.
  Set init value: $formal$picorv32.v:597$12_EN = 1'0
Found init rule in `\picorv32.$proc$picorv32.v:0$832'.
  Set init value: $formal$picorv32.v:596$11_EN = 1'0
Found init rule in `\picorv32.$proc$picorv32.v:0$830'.
  Set init value: $formal$picorv32.v:595$10_EN = 1'0
Found init rule in `\picorv32.$proc$picorv32.v:0$828'.
  Set init value: $formal$picorv32.v:560$9_EN = 1'0
Found init rule in `\picorv32.$proc$picorv32.v:0$826'.
  Set init value: $formal$picorv32.v:557$8_EN = 1'0
Found init rule in `\picorv32.$proc$picorv32.v:0$824'.
  Set init value: $formal$picorv32.v:554$7_EN = 1'0
Found init rule in `\picorv32.$proc$picorv32.v:0$822'.
  Set init value: $formal$picorv32.v:551$6_EN = 1'0
Found init rule in `\picorv32.$proc$picorv32.v:0$820'.
  Set init value: $formal$picorv32.v:548$5_EN = 1'0
Found init rule in `\picorv32.$proc$picorv32.v:2142$819'.
  Set init value: \last_mem_la_wstrb = 4'0000
Found init rule in `\picorv32.$proc$picorv32.v:2139$818'.
  Set init value: \last_mem_la_write = 1'0
Found init rule in `\picorv32.$proc$picorv32.v:2138$817'.
  Set init value: \last_mem_la_read = 1'0
Found init rule in `\picorv32.$proc$picorv32.v:0$860'.
  Set init value: $formal$picorv32.v:2162$28_EN = 1'0

2.3.5. Executing PROC_ARST pass (detect async resets in processes).

2.3.6. Executing PROC_ROM pass (convert switches to ROMs).
Converted 0 switches.
<suppressed ~206 debug messages>

2.3.7. Executing PROC_MUX pass (convert decision trees to multiplexers).
Creating decoders for process `\picorv32.$proc$picorv32.v:0$858'.
Creating decoders for process `\picorv32.$proc$picorv32.v:0$856'.
Creating decoders for process `\picorv32.$proc$picorv32.v:0$854'.
Creating decoders for process `\picorv32.$proc$picorv32.v:0$852'.
Creating decoders for process `\picorv32.$proc$picorv32.v:0$850'.
Creating decoders for process `\picorv32.$proc$picorv32.v:0$848'.
Creating decoders for process `\picorv32.$proc$picorv32.v:0$846'.
Creating decoders for process `\picorv32.$proc$picorv32.v:0$844'.
Creating decoders for process `\picorv32.$proc$picorv32.v:0$842'.
Creating decoders for process `\picorv32.$proc$picorv32.v:0$840'.
Creating decoders for process `\picorv32.$proc$picorv32.v:0$838'.
Creating decoders for process `\picorv32.$proc$picorv32.v:0$836'.
Creating decoders for process `\picorv32.$proc$picorv32.v:0$834'.
Creating decoders for process `\picorv32.$proc$picorv32.v:0$832'.
Creating decoders for process `\picorv32.$proc$picorv32.v:0$830'.
Creating decoders for process `\picorv32.$proc$picorv32.v:0$828'.
Creating decoders for process `\picorv32.$proc$picorv32.v:0$826'.
Creating decoders for process `\picorv32.$proc$picorv32.v:0$824'.
Creating decoders for process `\picorv32.$proc$picorv32.v:0$822'.
Creating decoders for process `\picorv32.$proc$picorv32.v:0$820'.
Creating decoders for process `\picorv32.$proc$picorv32.v:2142$819'.
Creating decoders for process `\picorv32.$proc$picorv32.v:2139$818'.
Creating decoders for process `\picorv32.$proc$picorv32.v:2138$817'.
Creating decoders for process `\picorv32.$proc$picorv32.v:0$860'.
Creating decoders for process `\picorv32.$proc$picorv32.v:1239$782'.
Creating decoders for process `\picorv32.$proc$picorv32.v:2144$757'.
     1/16: $0$formal$picorv32.v:2151$21_EN[0:0]$759
     2/16: $0$formal$picorv32.v:2151$21_CHECK[0:0]$758
     3/16: $0$formal$picorv32.v:2152$22_EN[0:0]$761
     4/16: $0$formal$picorv32.v:2152$22_CHECK[0:0]$760
     5/16: $0$formal$picorv32.v:2153$23_EN[0:0]$763
     6/16: $0$formal$picorv32.v:2153$23_CHECK[0:0]$762
     7/16: $0$formal$picorv32.v:2156$24_EN[0:0]$765
     8/16: $0$formal$picorv32.v:2156$24_CHECK[0:0]$764
     9/16: $0$formal$picorv32.v:2157$25_EN[0:0]$767
    10/16: $0$formal$picorv32.v:2157$25_CHECK[0:0]$766
    11/16: $0$formal$picorv32.v:2158$26_EN[0:0]$769
    12/16: $0$formal$picorv32.v:2158$26_CHECK[0:0]$768
    13/16: $0$formal$picorv32.v:2159$27_EN[0:0]$771
    14/16: $0$formal$picorv32.v:2159$27_CHECK[0:0]$770
    15/16: $0$formal$picorv32.v:2162$28_EN[0:0]$773
    16/16: $0$formal$picorv32.v:2162$28_CHECK[0:0]$772
Creating decoders for process `\picorv32.$proc$picorv32.v:2118$742'.
     1/13: $9\ok[0:0]
     2/13: $8\ok[0:0]
     3/13: $7\ok[0:0]
     4/13: $6\ok[0:0]
     5/13: $5\ok[0:0]
     6/13: $4\ok[0:0]
     7/13: $3\ok[0:0]
     8/13: $2\ok[0:0]
     9/13: $1\ok[0:0]
    10/13: $0$formal$picorv32.v:2121$19_EN[0:0]$744
    11/13: $0$formal$picorv32.v:2121$19_CHECK[0:0]$743
    12/13: $0$formal$picorv32.v:2133$20_EN[0:0]$746
    13/13: $0$formal$picorv32.v:2133$20_CHECK[0:0]$745
Creating decoders for process `\picorv32.$proc$picorv32.v:2105$732'.
Creating decoders for process `\picorv32.$proc$picorv32.v:1402$564'.
     1/78: $17\next_irq_pending[2:2]
     2/78: $16\next_irq_pending[2:2]
     3/78: $15\next_irq_pending[2:2]
     4/78: $14\next_irq_pending[2:2]
     5/78: $13\next_irq_pending[2:2]
     6/78: $12\next_irq_pending[2:2]
     7/78: $11\next_irq_pending[2:2]
     8/78: $2\next_irq_pending[31:0] [31:2]
     9/78: $3\set_mem_do_rdata[0:0]
    10/78: $2\next_irq_pending[31:0] [1]
    11/78: $3\set_mem_do_wdata[0:0]
    12/78: $2\next_irq_pending[31:0] [0]
    13/78: $4\set_mem_do_rinst[0:0]
    14/78: $3\set_mem_do_rinst[0:0]
    15/78: $4\set_mem_do_wdata[0:0]
    16/78: $9\next_irq_pending[1:1]
    17/78: $8\next_irq_pending[1:1]
    18/78: $7\next_irq_pending[1:1]
    19/78: $4\set_mem_do_rdata[0:0]
    20/78: $5\next_irq_pending[1:1]
    21/78: $4\next_irq_pending[1:1]
    22/78: $10\next_irq_pending[1:1]
    23/78: $5\set_mem_do_rinst[0:0]
    24/78: $6\next_irq_pending[1:1]
    25/78: $3\next_irq_pending[31:0]
    26/78: $3\current_pc[31:0]
    27/78: $2\current_pc[31:0]
    28/78: $2\set_mem_do_wdata[0:0]
    29/78: $2\set_mem_do_rdata[0:0]
    30/78: $2\set_mem_do_rinst[0:0]
    31/78: $1\next_irq_pending[31:0]
    32/78: $1\current_pc[31:0]
    33/78: $1\set_mem_do_wdata[0:0]
    34/78: $1\set_mem_do_rdata[0:0]
    35/78: $1\set_mem_do_rinst[0:0]
    36/78: $0\trace_data[35:0]
    37/78: $0\count_cycle[63:0]
    38/78: $0\trace_valid[0:0]
    39/78: $0\do_waitirq[0:0]
    40/78: $0\decoder_pseudo_trigger[0:0]
    41/78: $0\decoder_trigger[0:0]
    42/78: $0\alu_wait_2[0:0]
    43/78: $0\alu_wait[0:0]
    44/78: $0\reg_out[31:0]
    45/78: $0\reg_sh[4:0]
    46/78: $0\trap[0:0]
    47/78: $0\pcpi_timeout[0:0]
    48/78: $0\latched_rd[4:0]
    49/78: $0\latched_is_lb[0:0]
    50/78: $0\latched_is_lh[0:0]
    51/78: $0\latched_is_lu[0:0]
    52/78: $0\latched_trace[0:0]
    53/78: $0\latched_compr[0:0]
    54/78: $0\latched_branch[0:0]
    55/78: $0\latched_stalu[0:0]
    56/78: $0\latched_store[0:0]
    57/78: $0\irq_state[1:0]
    58/78: $0\cpu_state[7:0]
    59/78: $0\dbg_rs2val_valid[0:0]
    60/78: $0\dbg_rs1val_valid[0:0]
    61/78: $0\dbg_rs2val[31:0]
    62/78: $0\dbg_rs1val[31:0]
    63/78: $0\mem_do_wdata[0:0]
    64/78: $0\mem_do_rdata[0:0]
    65/78: $0\mem_do_rinst[0:0]
    66/78: $0\mem_do_prefetch[0:0]
    67/78: $0\mem_wordsize[1:0]
    68/78: $0\timer[31:0]
    69/78: $0\irq_mask[31:0]
    70/78: $0\irq_active[0:0]
    71/78: $0\irq_delay[0:0]
    72/78: $0\reg_op2[31:0]
    73/78: $0\reg_op1[31:0]
    74/78: $0\reg_next_pc[31:0]
    75/78: $0\reg_pc[31:0]
    76/78: $0\count_instr[63:0]
    77/78: $0\eoi[31:0]
    78/78: $0\pcpi_valid[0:0]
Creating decoders for process `\picorv32.$proc$picorv32.v:1348$548'.
Creating decoders for process `\picorv32.$proc$picorv32.v:1337$539'.
     1/3: $1$memwr$\cpuregs$picorv32.v:1344$18_EN[31:0]$547
     2/3: $1$memwr$\cpuregs$picorv32.v:1344$18_DATA[31:0]$546
     3/3: $1$memwr$\cpuregs$picorv32.v:1344$18_ADDR[4:0]$545
Creating decoders for process `\picorv32.$proc$picorv32.v:1309$527'.
     1/4: $2\cpuregs_write[0:0]
     2/4: $2\cpuregs_wrdata[31:0]
     3/4: $1\cpuregs_wrdata[31:0]
     4/4: $1\cpuregs_write[0:0]
Creating decoders for process `\picorv32.$proc$picorv32.v:1295$522'.
     1/2: $2\clear_prefetched_high_word[0:0]
     2/2: $1\clear_prefetched_high_word[0:0]
Creating decoders for process `\picorv32.$proc$picorv32.v:1293$521'.
Creating decoders for process `\picorv32.$proc$picorv32.v:1249$499'.
     1/2: $1\alu_out[31:0]
     2/2: $1\alu_out_0[0:0]
Creating decoders for process `\picorv32.$proc$picorv32.v:1186$487'.
     1/8: $8\dbg_ascii_state[127:0]
     2/8: $7\dbg_ascii_state[127:0]
     3/8: $6\dbg_ascii_state[127:0]
     4/8: $5\dbg_ascii_state[127:0]
     5/8: $4\dbg_ascii_state[127:0]
     6/8: $3\dbg_ascii_state[127:0]
     7/8: $2\dbg_ascii_state[127:0]
     8/8: $1\dbg_ascii_state[127:0]
Creating decoders for process `\picorv32.$proc$picorv32.v:858$224'.
     1/77: $0\decoded_rs1[4:0] [4]
     2/77: $0\decoded_imm_j[31:0] [10]
     3/77: $0\decoded_imm_j[31:0] [7]
     4/77: $0\decoded_imm_j[31:0] [6]
     5/77: $0\decoded_imm_j[31:0] [3:1]
     6/77: $0\decoded_imm_j[31:0] [5]
     7/77: $0\decoded_imm_j[31:0] [9:8]
     8/77: $0\decoded_imm_j[31:0] [31:20]
     9/77: $0\decoded_imm_j[31:0] [4]
    10/77: $0\decoded_imm_j[31:0] [11]
    11/77: $0\decoded_imm_j[31:0] [0]
    12/77: $0\decoded_rs1[4:0] [3:0]
    13/77: $0\is_lui_auipc_jal_jalr_addi_add_sub[0:0]
    14/77: $0\is_alu_reg_reg[0:0]
    15/77: $0\is_alu_reg_imm[0:0]
    16/77: $0\is_beq_bne_blt_bge_bltu_bgeu[0:0]
    17/77: $0\is_sll_srl_sra[0:0]
    18/77: $0\is_sb_sh_sw[0:0]
    19/77: $0\is_jalr_addi_slti_sltiu_xori_ori_andi[0:0]
    20/77: $0\is_slli_srli_srai[0:0]
    21/77: $0\is_lb_lh_lw_lbu_lhu[0:0]
    22/77: $0\compressed_instr[0:0]
    23/77: $0\is_compare[0:0]
    24/77: $0\decoded_imm[31:0]
    25/77: $0\decoded_rs2[4:0]
    26/77: $0\decoded_imm_j[31:0] [19:12]
    27/77: $0\decoded_rd[4:0]
    28/77: $0\instr_timer[0:0]
    29/77: $0\instr_waitirq[0:0]
    30/77: $0\instr_maskirq[0:0]
    31/77: $0\instr_retirq[0:0]
    32/77: $0\instr_setq[0:0]
    33/77: $0\instr_getq[0:0]
    34/77: $0\instr_fence[0:0]
    35/77: $0\instr_ecall_ebreak[0:0]
    36/77: $0\instr_rdinstrh[0:0]
    37/77: $0\instr_rdinstr[0:0]
    38/77: $0\instr_rdcycleh[0:0]
    39/77: $0\instr_rdcycle[0:0]
    40/77: $0\instr_and[0:0]
    41/77: $0\instr_or[0:0]
    42/77: $0\instr_sra[0:0]
    43/77: $0\instr_srl[0:0]
    44/77: $0\instr_xor[0:0]
    45/77: $0\instr_sltu[0:0]
    46/77: $0\instr_slt[0:0]
    47/77: $0\instr_sll[0:0]
    48/77: $0\instr_sub[0:0]
    49/77: $0\instr_add[0:0]
    50/77: $0\instr_srai[0:0]
    51/77: $0\instr_srli[0:0]
    52/77: $0\instr_slli[0:0]
    53/77: $0\instr_andi[0:0]
    54/77: $0\instr_ori[0:0]
    55/77: $0\instr_xori[0:0]
    56/77: $0\instr_sltiu[0:0]
    57/77: $0\instr_slti[0:0]
    58/77: $0\instr_addi[0:0]
    59/77: $0\instr_sw[0:0]
    60/77: $0\instr_sh[0:0]
    61/77: $0\instr_sb[0:0]
    62/77: $0\instr_lhu[0:0]
    63/77: $0\instr_lbu[0:0]
    64/77: $0\instr_lw[0:0]
    65/77: $0\instr_lh[0:0]
    66/77: $0\instr_lb[0:0]
    67/77: $0\instr_bgeu[0:0]
    68/77: $0\instr_bltu[0:0]
    69/77: $0\instr_bge[0:0]
    70/77: $0\instr_blt[0:0]
    71/77: $0\instr_bne[0:0]
    72/77: $0\instr_beq[0:0]
    73/77: $0\instr_jalr[0:0]
    74/77: $0\instr_jal[0:0]
    75/77: $0\instr_auipc[0:0]
    76/77: $0\instr_lui[0:0]
    77/77: $0\pcpi_insn[31:0]
Creating decoders for process `\picorv32.$proc$picorv32.v:809$222'.
     1/13: $3\dbg_insn_opcode[31:0]
     2/13: $2\dbg_insn_rd[4:0]
     3/13: $2\dbg_insn_rs2[4:0]
     4/13: $2\dbg_insn_rs1[4:0]
     5/13: $2\dbg_insn_opcode[31:0]
     6/13: $2\dbg_insn_imm[31:0]
     7/13: $2\dbg_ascii_instr[63:0]
     8/13: $1\dbg_insn_rd[4:0]
     9/13: $1\dbg_insn_rs2[4:0]
    10/13: $1\dbg_insn_rs1[4:0]
    11/13: $1\dbg_insn_imm[31:0]
    12/13: $1\dbg_ascii_instr[63:0]
    13/13: $1\dbg_insn_opcode[31:0]
Creating decoders for process `\picorv32.$proc$picorv32.v:778$218'.
     1/8: $0\cached_insn_rd[4:0]
     2/8: $0\cached_insn_rs2[4:0]
     3/8: $0\cached_insn_rs1[4:0]
     4/8: $0\cached_insn_opcode[31:0]
     5/8: $0\cached_insn_imm[31:0]
     6/8: $0\cached_ascii_instr[63:0]
     7/8: $0\dbg_valid_insn[0:0]
     8/8: $0\dbg_insn_addr[31:0]
Creating decoders for process `\picorv32.$proc$picorv32.v:701$217'.
     1/48: $48\new_ascii_instr[63:0]
     2/48: $47\new_ascii_instr[63:0]
     3/48: $46\new_ascii_instr[63:0]
     4/48: $45\new_ascii_instr[63:0]
     5/48: $44\new_ascii_instr[63:0]
     6/48: $43\new_ascii_instr[63:0]
     7/48: $42\new_ascii_instr[63:0]
     8/48: $41\new_ascii_instr[63:0]
     9/48: $40\new_ascii_instr[63:0]
    10/48: $39\new_ascii_instr[63:0]
    11/48: $38\new_ascii_instr[63:0]
    12/48: $37\new_ascii_instr[63:0]
    13/48: $36\new_ascii_instr[63:0]
    14/48: $35\new_ascii_instr[63:0]
    15/48: $34\new_ascii_instr[63:0]
    16/48: $33\new_ascii_instr[63:0]
    17/48: $32\new_ascii_instr[63:0]
    18/48: $31\new_ascii_instr[63:0]
    19/48: $30\new_ascii_instr[63:0]
    20/48: $29\new_ascii_instr[63:0]
    21/48: $28\new_ascii_instr[63:0]
    22/48: $27\new_ascii_instr[63:0]
    23/48: $26\new_ascii_instr[63:0]
    24/48: $25\new_ascii_instr[63:0]
    25/48: $24\new_ascii_instr[63:0]
    26/48: $23\new_ascii_instr[63:0]
    27/48: $22\new_ascii_instr[63:0]
    28/48: $21\new_ascii_instr[63:0]
    29/48: $20\new_ascii_instr[63:0]
    30/48: $19\new_ascii_instr[63:0]
    31/48: $18\new_ascii_instr[63:0]
    32/48: $17\new_ascii_instr[63:0]
    33/48: $16\new_ascii_instr[63:0]
    34/48: $15\new_ascii_instr[63:0]
    35/48: $14\new_ascii_instr[63:0]
    36/48: $13\new_ascii_instr[63:0]
    37/48: $12\new_ascii_instr[63:0]
    38/48: $11\new_ascii_instr[63:0]
    39/48: $10\new_ascii_instr[63:0]
    40/48: $9\new_ascii_instr[63:0]
    41/48: $8\new_ascii_instr[63:0]
    42/48: $7\new_ascii_instr[63:0]
    43/48: $6\new_ascii_instr[63:0]
    44/48: $5\new_ascii_instr[63:0]
    45/48: $4\new_ascii_instr[63:0]
    46/48: $3\new_ascii_instr[63:0]
    47/48: $2\new_ascii_instr[63:0]
    48/48: $1\new_ascii_instr[63:0]
Creating decoders for process `\picorv32.$proc$picorv32.v:565$168'.
     1/25: $0$formal$picorv32.v:595$10_EN[0:0]$170
     2/25: $0$formal$picorv32.v:595$10_CHECK[0:0]$169
     3/25: $0$formal$picorv32.v:596$11_EN[0:0]$172
     4/25: $0$formal$picorv32.v:596$11_CHECK[0:0]$171
     5/25: $0$formal$picorv32.v:597$12_EN[0:0]$174
     6/25: $0$formal$picorv32.v:597$12_CHECK[0:0]$173
     7/25: $0$formal$picorv32.v:598$13_EN[0:0]$176
     8/25: $0$formal$picorv32.v:598$13_CHECK[0:0]$175
     9/25: $0$formal$picorv32.v:621$14_EN[0:0]$178
    10/25: $0$formal$picorv32.v:621$14_CHECK[0:0]$177
    11/25: $0$formal$picorv32.v:622$15_EN[0:0]$180
    12/25: $0$formal$picorv32.v:622$15_CHECK[0:0]$179
    13/25: $0$formal$picorv32.v:629$16_EN[0:0]$182
    14/25: $0$formal$picorv32.v:629$16_CHECK[0:0]$181
    15/25: $0$formal$picorv32.v:630$17_EN[0:0]$184
    16/25: $0$formal$picorv32.v:630$17_CHECK[0:0]$183
    17/25: $0\mem_16bit_buffer[15:0]
    18/25: $0\prefetched_high_word[0:0]
    19/25: $0\mem_la_secondword[0:0]
    20/25: $0\mem_state[1:0]
    21/25: $0\mem_wstrb[3:0]
    22/25: $0\mem_wdata[31:0]
    23/25: $0\mem_addr[31:0]
    24/25: $0\mem_instr[0:0]
    25/25: $0\mem_valid[0:0]
Creating decoders for process `\picorv32.$proc$picorv32.v:546$140'.
     1/10: $0$formal$picorv32.v:548$5_EN[0:0]$142
     2/10: $0$formal$picorv32.v:548$5_CHECK[0:0]$141
     3/10: $0$formal$picorv32.v:551$6_EN[0:0]$144
     4/10: $0$formal$picorv32.v:551$6_CHECK[0:0]$143
     5/10: $0$formal$picorv32.v:554$7_EN[0:0]$146
     6/10: $0$formal$picorv32.v:554$7_CHECK[0:0]$145
     7/10: $0$formal$picorv32.v:557$8_EN[0:0]$148
     8/10: $0$formal$picorv32.v:557$8_CHECK[0:0]$147
     9/10: $0$formal$picorv32.v:560$9_EN[0:0]$150
    10/10: $0$formal$picorv32.v:560$9_CHECK[0:0]$149
Creating decoders for process `\picorv32.$proc$picorv32.v:430$111'.
     1/9: $0\mem_rdata_q[31:0] [31]
     2/9: $0\mem_rdata_q[31:0] [7]
     3/9: $0\mem_rdata_q[31:0] [24:20]
     4/9: $0\mem_rdata_q[31:0] [19:15]
     5/9: $0\mem_rdata_q[31:0] [6:0]
     6/9: $0\mem_rdata_q[31:0] [14:12]
     7/9: $0\mem_rdata_q[31:0] [11:8]
     8/9: $0\mem_rdata_q[31:0] [30:25]
     9/9: $0\next_insn_opcode[31:0]
Creating decoders for process `\picorv32.$proc$picorv32.v:401$108'.
     1/5: $3\mem_rdata_word[31:0]
     2/5: $2\mem_rdata_word[31:0]
     3/5: $1\mem_rdata_word[31:0]
     4/5: $1\mem_la_wstrb[3:0]
     5/5: $1\mem_la_wdata[31:0]
Creating decoders for process `\picorv32.$proc$picorv32.v:390$103'.
     1/2: $0\last_mem_valid[0:0]
     2/2: $0\mem_la_firstword_reg[0:0]
Creating decoders for process `\picorv32.$proc$picorv32.v:325$29'.
     1/2: $1\pcpi_int_rd[31:0]
     2/2: $1\pcpi_int_wr[0:0]

2.3.8. Executing PROC_DLATCH pass (convert process syncs to latches).
No latch inferred for signal `\picorv32.\alu_add_sub' from process `\picorv32.$proc$picorv32.v:1239$782'.
No latch inferred for signal `\picorv32.\alu_shl' from process `\picorv32.$proc$picorv32.v:1239$782'.
No latch inferred for signal `\picorv32.\alu_shr' from process `\picorv32.$proc$picorv32.v:1239$782'.
No latch inferred for signal `\picorv32.\alu_eq' from process `\picorv32.$proc$picorv32.v:1239$782'.
No latch inferred for signal `\picorv32.\alu_ltu' from process `\picorv32.$proc$picorv32.v:1239$782'.
No latch inferred for signal `\picorv32.\alu_lts' from process `\picorv32.$proc$picorv32.v:1239$782'.
No latch inferred for signal `\picorv32.$formal$picorv32.v:2121$19_CHECK' from process `\picorv32.$proc$picorv32.v:2118$742'.
No latch inferred for signal `\picorv32.$formal$picorv32.v:2121$19_EN' from process `\picorv32.$proc$picorv32.v:2118$742'.
No latch inferred for signal `\picorv32.$formal$picorv32.v:2133$20_CHECK' from process `\picorv32.$proc$picorv32.v:2118$742'.
No latch inferred for signal `\picorv32.$formal$picorv32.v:2133$20_EN' from process `\picorv32.$proc$picorv32.v:2118$742'.
Latch inferred for signal `\picorv32.\ok' from process `\picorv32.$proc$picorv32.v:2118$742': $auto$proc_dlatch.cc:427:proc_dlatch$3836
No latch inferred for signal `\picorv32.\cpuregs_rs1' from process `\picorv32.$proc$picorv32.v:1348$548'.
No latch inferred for signal `\picorv32.\cpuregs_rs2' from process `\picorv32.$proc$picorv32.v:1348$548'.
No latch inferred for signal `\picorv32.\decoded_rs' from process `\picorv32.$proc$picorv32.v:1348$548'.
No latch inferred for signal `\picorv32.\cpuregs_write' from process `\picorv32.$proc$picorv32.v:1309$527'.
No latch inferred for signal `\picorv32.\cpuregs_wrdata' from process `\picorv32.$proc$picorv32.v:1309$527'.
No latch inferred for signal `\picorv32.\clear_prefetched_high_word' from process `\picorv32.$proc$picorv32.v:1295$522'.
No latch inferred for signal `\picorv32.\alu_out' from process `\picorv32.$proc$picorv32.v:1249$499'.
No latch inferred for signal `\picorv32.\alu_out_0' from process `\picorv32.$proc$picorv32.v:1249$499'.
No latch inferred for signal `\picorv32.\dbg_ascii_state' from process `\picorv32.$proc$picorv32.v:1186$487'.
No latch inferred for signal `\picorv32.\dbg_insn_opcode' from process `\picorv32.$proc$picorv32.v:809$222'.
No latch inferred for signal `\picorv32.\dbg_ascii_instr' from process `\picorv32.$proc$picorv32.v:809$222'.
No latch inferred for signal `\picorv32.\dbg_insn_imm' from process `\picorv32.$proc$picorv32.v:809$222'.
No latch inferred for signal `\picorv32.\dbg_insn_rs1' from process `\picorv32.$proc$picorv32.v:809$222'.
No latch inferred for signal `\picorv32.\dbg_insn_rs2' from process `\picorv32.$proc$picorv32.v:809$222'.
No latch inferred for signal `\picorv32.\dbg_insn_rd' from process `\picorv32.$proc$picorv32.v:809$222'.
No latch inferred for signal `\picorv32.\new_ascii_instr' from process `\picorv32.$proc$picorv32.v:701$217'.
No latch inferred for signal `\picorv32.\mem_la_wdata' from process `\picorv32.$proc$picorv32.v:401$108'.
No latch inferred for signal `\picorv32.\mem_la_wstrb' from process `\picorv32.$proc$picorv32.v:401$108'.
No latch inferred for signal `\picorv32.\mem_rdata_word' from process `\picorv32.$proc$picorv32.v:401$108'.
No latch inferred for signal `\picorv32.\pcpi_int_wr' from process `\picorv32.$proc$picorv32.v:325$29'.
No latch inferred for signal `\picorv32.\pcpi_int_rd' from process `\picorv32.$proc$picorv32.v:325$29'.
No latch inferred for signal `\picorv32.\pcpi_int_wait' from process `\picorv32.$proc$picorv32.v:325$29'.
No latch inferred for signal `\picorv32.\pcpi_int_ready' from process `\picorv32.$proc$picorv32.v:325$29'.

2.3.9. Executing PROC_DFF pass (convert process syncs to FFs).
Creating register for signal `\picorv32.\last_mem_la_read' using process `\picorv32.$proc$picorv32.v:2144$757'.
  created $dff cell `$procdff$3837' with positive edge clock.
Creating register for signal `\picorv32.\last_mem_la_write' using process `\picorv32.$proc$picorv32.v:2144$757'.
  created $dff cell `$procdff$3838' with positive edge clock.
Creating register for signal `\picorv32.\last_mem_la_addr' using process `\picorv32.$proc$picorv32.v:2144$757'.
  created $dff cell `$procdff$3839' with positive edge clock.
Creating register for signal `\picorv32.\last_mem_la_wdata' using process `\picorv32.$proc$picorv32.v:2144$757'.
  created $dff cell `$procdff$3840' with positive edge clock.
Creating register for signal `\picorv32.\last_mem_la_wstrb' using process `\picorv32.$proc$picorv32.v:2144$757'.
  created $dff cell `$procdff$3841' with positive edge clock.
Creating register for signal `\picorv32.$formal$picorv32.v:2151$21_CHECK' using process `\picorv32.$proc$picorv32.v:2144$757'.
  created $dff cell `$procdff$3842' with positive edge clock.
Creating register for signal `\picorv32.$formal$picorv32.v:2151$21_EN' using process `\picorv32.$proc$picorv32.v:2144$757'.
  created $dff cell `$procdff$3843' with positive edge clock.
Creating register for signal `\picorv32.$formal$picorv32.v:2152$22_CHECK' using process `\picorv32.$proc$picorv32.v:2144$757'.
  created $dff cell `$procdff$3844' with positive edge clock.
Creating register for signal `\picorv32.$formal$picorv32.v:2152$22_EN' using process `\picorv32.$proc$picorv32.v:2144$757'.
  created $dff cell `$procdff$3845' with positive edge clock.
Creating register for signal `\picorv32.$formal$picorv32.v:2153$23_CHECK' using process `\picorv32.$proc$picorv32.v:2144$757'.
  created $dff cell `$procdff$3846' with positive edge clock.
Creating register for signal `\picorv32.$formal$picorv32.v:2153$23_EN' using process `\picorv32.$proc$picorv32.v:2144$757'.
  created $dff cell `$procdff$3847' with positive edge clock.
Creating register for signal `\picorv32.$formal$picorv32.v:2156$24_CHECK' using process `\picorv32.$proc$picorv32.v:2144$757'.
  created $dff cell `$procdff$3848' with positive edge clock.
Creating register for signal `\picorv32.$formal$picorv32.v:2156$24_EN' using process `\picorv32.$proc$picorv32.v:2144$757'.
  created $dff cell `$procdff$3849' with positive edge clock.
Creating register for signal `\picorv32.$formal$picorv32.v:2157$25_CHECK' using process `\picorv32.$proc$picorv32.v:2144$757'.
  created $dff cell `$procdff$3850' with positive edge clock.
Creating register for signal `\picorv32.$formal$picorv32.v:2157$25_EN' using process `\picorv32.$proc$picorv32.v:2144$757'.
  created $dff cell `$procdff$3851' with positive edge clock.
Creating register for signal `\picorv32.$formal$picorv32.v:2158$26_CHECK' using process `\picorv32.$proc$picorv32.v:2144$757'.
  created $dff cell `$procdff$3852' with positive edge clock.
Creating register for signal `\picorv32.$formal$picorv32.v:2158$26_EN' using process `\picorv32.$proc$picorv32.v:2144$757'.
  created $dff cell `$procdff$3853' with positive edge clock.
Creating register for signal `\picorv32.$formal$picorv32.v:2159$27_CHECK' using process `\picorv32.$proc$picorv32.v:2144$757'.
  created $dff cell `$procdff$3854' with positive edge clock.
Creating register for signal `\picorv32.$formal$picorv32.v:2159$27_EN' using process `\picorv32.$proc$picorv32.v:2144$757'.
  created $dff cell `$procdff$3855' with positive edge clock.
Creating register for signal `\picorv32.$formal$picorv32.v:2162$28_CHECK' using process `\picorv32.$proc$picorv32.v:2144$757'.
  created $dff cell `$procdff$3856' with positive edge clock.
Creating register for signal `\picorv32.$formal$picorv32.v:2162$28_EN' using process `\picorv32.$proc$picorv32.v:2144$757'.
  created $dff cell `$procdff$3857' with positive edge clock.
Creating register for signal `\picorv32.\last_mem_nowait' using process `\picorv32.$proc$picorv32.v:2105$732'.
  created $dff cell `$procdff$3858' with positive edge clock.
Creating register for signal `\picorv32.\trap' using process `\picorv32.$proc$picorv32.v:1402$564'.
  created $dff cell `$procdff$3859' with positive edge clock.
Creating register for signal `\picorv32.\pcpi_valid' using process `\picorv32.$proc$picorv32.v:1402$564'.
  created $dff cell `$procdff$3860' with positive edge clock.
Creating register for signal `\picorv32.\eoi' using process `\picorv32.$proc$picorv32.v:1402$564'.
  created $dff cell `$procdff$3861' with positive edge clock.
Creating register for signal `\picorv32.\trace_valid' using process `\picorv32.$proc$picorv32.v:1402$564'.
  created $dff cell `$procdff$3862' with positive edge clock.
Creating register for signal `\picorv32.\trace_data' using process `\picorv32.$proc$picorv32.v:1402$564'.
  created $dff cell `$procdff$3863' with positive edge clock.
Creating register for signal `\picorv32.\count_cycle' using process `\picorv32.$proc$picorv32.v:1402$564'.
  created $dff cell `$procdff$3864' with positive edge clock.
Creating register for signal `\picorv32.\count_instr' using process `\picorv32.$proc$picorv32.v:1402$564'.
  created $dff cell `$procdff$3865' with positive edge clock.
Creating register for signal `\picorv32.\reg_pc' using process `\picorv32.$proc$picorv32.v:1402$564'.
  created $dff cell `$procdff$3866' with positive edge clock.
Creating register for signal `\picorv32.\reg_next_pc' using process `\picorv32.$proc$picorv32.v:1402$564'.
  created $dff cell `$procdff$3867' with positive edge clock.
Creating register for signal `\picorv32.\reg_op1' using process `\picorv32.$proc$picorv32.v:1402$564'.
  created $dff cell `$procdff$3868' with positive edge clock.
Creating register for signal `\picorv32.\reg_op2' using process `\picorv32.$proc$picorv32.v:1402$564'.
  created $dff cell `$procdff$3869' with positive edge clock.
Creating register for signal `\picorv32.\reg_out' using process `\picorv32.$proc$picorv32.v:1402$564'.
  created $dff cell `$procdff$3870' with positive edge clock.
Creating register for signal `\picorv32.\reg_sh' using process `\picorv32.$proc$picorv32.v:1402$564'.
  created $dff cell `$procdff$3871' with positive edge clock.
Creating register for signal `\picorv32.\irq_delay' using process `\picorv32.$proc$picorv32.v:1402$564'.
  created $dff cell `$procdff$3872' with positive edge clock.
Creating register for signal `\picorv32.\irq_active' using process `\picorv32.$proc$picorv32.v:1402$564'.
  created $dff cell `$procdff$3873' with positive edge clock.
Creating register for signal `\picorv32.\irq_mask' using process `\picorv32.$proc$picorv32.v:1402$564'.
  created $dff cell `$procdff$3874' with positive edge clock.
Creating register for signal `\picorv32.\irq_pending' using process `\picorv32.$proc$picorv32.v:1402$564'.
  created $dff cell `$procdff$3875' with positive edge clock.
Creating register for signal `\picorv32.\timer' using process `\picorv32.$proc$picorv32.v:1402$564'.
  created $dff cell `$procdff$3876' with positive edge clock.
Creating register for signal `\picorv32.\mem_wordsize' using process `\picorv32.$proc$picorv32.v:1402$564'.
  created $dff cell `$procdff$3877' with positive edge clock.
Creating register for signal `\picorv32.\mem_do_prefetch' using process `\picorv32.$proc$picorv32.v:1402$564'.
  created $dff cell `$procdff$3878' with positive edge clock.
Creating register for signal `\picorv32.\mem_do_rinst' using process `\picorv32.$proc$picorv32.v:1402$564'.
  created $dff cell `$procdff$3879' with positive edge clock.
Creating register for signal `\picorv32.\mem_do_rdata' using process `\picorv32.$proc$picorv32.v:1402$564'.
  created $dff cell `$procdff$3880' with positive edge clock.
Creating register for signal `\picorv32.\mem_do_wdata' using process `\picorv32.$proc$picorv32.v:1402$564'.
  created $dff cell `$procdff$3881' with positive edge clock.
Creating register for signal `\picorv32.\decoder_trigger' using process `\picorv32.$proc$picorv32.v:1402$564'.
  created $dff cell `$procdff$3882' with positive edge clock.
Creating register for signal `\picorv32.\decoder_trigger_q' using process `\picorv32.$proc$picorv32.v:1402$564'.
  created $dff cell `$procdff$3883' with positive edge clock.
Creating register for signal `\picorv32.\decoder_pseudo_trigger' using process `\picorv32.$proc$picorv32.v:1402$564'.
  created $dff cell `$procdff$3884' with positive edge clock.
Creating register for signal `\picorv32.\decoder_pseudo_trigger_q' using process `\picorv32.$proc$picorv32.v:1402$564'.
  created $dff cell `$procdff$3885' with positive edge clock.
Creating register for signal `\picorv32.\dbg_rs1val' using process `\picorv32.$proc$picorv32.v:1402$564'.
  created $dff cell `$procdff$3886' with positive edge clock.
Creating register for signal `\picorv32.\dbg_rs2val' using process `\picorv32.$proc$picorv32.v:1402$564'.
  created $dff cell `$procdff$3887' with positive edge clock.
Creating register for signal `\picorv32.\dbg_rs1val_valid' using process `\picorv32.$proc$picorv32.v:1402$564'.
  created $dff cell `$procdff$3888' with positive edge clock.
Creating register for signal `\picorv32.\dbg_rs2val_valid' using process `\picorv32.$proc$picorv32.v:1402$564'.
  created $dff cell `$procdff$3889' with positive edge clock.
Creating register for signal `\picorv32.\cpu_state' using process `\picorv32.$proc$picorv32.v:1402$564'.
  created $dff cell `$procdff$3890' with positive edge clock.
Creating register for signal `\picorv32.\irq_state' using process `\picorv32.$proc$picorv32.v:1402$564'.
  created $dff cell `$procdff$3891' with positive edge clock.
Creating register for signal `\picorv32.\set_mem_do_rinst' using process `\picorv32.$proc$picorv32.v:1402$564'.
  created $dff cell `$procdff$3892' with positive edge clock.
Creating register for signal `\picorv32.\set_mem_do_rdata' using process `\picorv32.$proc$picorv32.v:1402$564'.
  created $dff cell `$procdff$3893' with positive edge clock.
Creating register for signal `\picorv32.\set_mem_do_wdata' using process `\picorv32.$proc$picorv32.v:1402$564'.
  created $dff cell `$procdff$3894' with positive edge clock.
Creating register for signal `\picorv32.\latched_store' using process `\picorv32.$proc$picorv32.v:1402$564'.
  created $dff cell `$procdff$3895' with positive edge clock.
Creating register for signal `\picorv32.\latched_stalu' using process `\picorv32.$proc$picorv32.v:1402$564'.
  created $dff cell `$procdff$3896' with positive edge clock.
Creating register for signal `\picorv32.\latched_branch' using process `\picorv32.$proc$picorv32.v:1402$564'.
  created $dff cell `$procdff$3897' with positive edge clock.
Creating register for signal `\picorv32.\latched_compr' using process `\picorv32.$proc$picorv32.v:1402$564'.
  created $dff cell `$procdff$3898' with positive edge clock.
Creating register for signal `\picorv32.\latched_trace' using process `\picorv32.$proc$picorv32.v:1402$564'.
  created $dff cell `$procdff$3899' with positive edge clock.
Creating register for signal `\picorv32.\latched_is_lu' using process `\picorv32.$proc$picorv32.v:1402$564'.
  created $dff cell `$procdff$3900' with positive edge clock.
Creating register for signal `\picorv32.\latched_is_lh' using process `\picorv32.$proc$picorv32.v:1402$564'.
  created $dff cell `$procdff$3901' with positive edge clock.
Creating register for signal `\picorv32.\latched_is_lb' using process `\picorv32.$proc$picorv32.v:1402$564'.
  created $dff cell `$procdff$3902' with positive edge clock.
Creating register for signal `\picorv32.\latched_rd' using process `\picorv32.$proc$picorv32.v:1402$564'.
  created $dff cell `$procdff$3903' with positive edge clock.
Creating register for signal `\picorv32.\current_pc' using process `\picorv32.$proc$picorv32.v:1402$564'.
  created $dff cell `$procdff$3904' with positive edge clock.
Creating register for signal `\picorv32.\pcpi_timeout' using process `\picorv32.$proc$picorv32.v:1402$564'.
  created $dff cell `$procdff$3905' with positive edge clock.
Creating register for signal `\picorv32.\next_irq_pending' using process `\picorv32.$proc$picorv32.v:1402$564'.
  created $dff cell `$procdff$3906' with positive edge clock.
Creating register for signal `\picorv32.\do_waitirq' using process `\picorv32.$proc$picorv32.v:1402$564'.
  created $dff cell `$procdff$3907' with positive edge clock.
Creating register for signal `\picorv32.\alu_out_q' using process `\picorv32.$proc$picorv32.v:1402$564'.
  created $dff cell `$procdff$3908' with positive edge clock.
Creating register for signal `\picorv32.\alu_out_0_q' using process `\picorv32.$proc$picorv32.v:1402$564'.
  created $dff cell `$procdff$3909' with positive edge clock.
Creating register for signal `\picorv32.\alu_wait' using process `\picorv32.$proc$picorv32.v:1402$564'.
  created $dff cell `$procdff$3910' with positive edge clock.
Creating register for signal `\picorv32.\alu_wait_2' using process `\picorv32.$proc$picorv32.v:1402$564'.
  created $dff cell `$procdff$3911' with positive edge clock.
Creating register for signal `\picorv32.$memwr$\cpuregs$picorv32.v:1344$18_ADDR' using process `\picorv32.$proc$picorv32.v:1337$539'.
  created $dff cell `$procdff$3912' with positive edge clock.
Creating register for signal `\picorv32.$memwr$\cpuregs$picorv32.v:1344$18_DATA' using process `\picorv32.$proc$picorv32.v:1337$539'.
  created $dff cell `$procdff$3913' with positive edge clock.
Creating register for signal `\picorv32.$memwr$\cpuregs$picorv32.v:1344$18_EN' using process `\picorv32.$proc$picorv32.v:1337$539'.
  created $dff cell `$procdff$3914' with positive edge clock.
Creating register for signal `\picorv32.\clear_prefetched_high_word_q' using process `\picorv32.$proc$picorv32.v:1293$521'.
  created $dff cell `$procdff$3915' with positive edge clock.
Creating register for signal `\picorv32.\pcpi_insn' using process `\picorv32.$proc$picorv32.v:858$224'.
  created $dff cell `$procdff$3916' with positive edge clock.
Creating register for signal `\picorv32.\instr_lui' using process `\picorv32.$proc$picorv32.v:858$224'.
  created $dff cell `$procdff$3917' with positive edge clock.
Creating register for signal `\picorv32.\instr_auipc' using process `\picorv32.$proc$picorv32.v:858$224'.
  created $dff cell `$procdff$3918' with positive edge clock.
Creating register for signal `\picorv32.\instr_jal' using process `\picorv32.$proc$picorv32.v:858$224'.
  created $dff cell `$procdff$3919' with positive edge clock.
Creating register for signal `\picorv32.\instr_jalr' using process `\picorv32.$proc$picorv32.v:858$224'.
  created $dff cell `$procdff$3920' with positive edge clock.
Creating register for signal `\picorv32.\instr_beq' using process `\picorv32.$proc$picorv32.v:858$224'.
  created $dff cell `$procdff$3921' with positive edge clock.
Creating register for signal `\picorv32.\instr_bne' using process `\picorv32.$proc$picorv32.v:858$224'.
  created $dff cell `$procdff$3922' with positive edge clock.
Creating register for signal `\picorv32.\instr_blt' using process `\picorv32.$proc$picorv32.v:858$224'.
  created $dff cell `$procdff$3923' with positive edge clock.
Creating register for signal `\picorv32.\instr_bge' using process `\picorv32.$proc$picorv32.v:858$224'.
  created $dff cell `$procdff$3924' with positive edge clock.
Creating register for signal `\picorv32.\instr_bltu' using process `\picorv32.$proc$picorv32.v:858$224'.
  created $dff cell `$procdff$3925' with positive edge clock.
Creating register for signal `\picorv32.\instr_bgeu' using process `\picorv32.$proc$picorv32.v:858$224'.
  created $dff cell `$procdff$3926' with positive edge clock.
Creating register for signal `\picorv32.\instr_lb' using process `\picorv32.$proc$picorv32.v:858$224'.
  created $dff cell `$procdff$3927' with positive edge clock.
Creating register for signal `\picorv32.\instr_lh' using process `\picorv32.$proc$picorv32.v:858$224'.
  created $dff cell `$procdff$3928' with positive edge clock.
Creating register for signal `\picorv32.\instr_lw' using process `\picorv32.$proc$picorv32.v:858$224'.
  created $dff cell `$procdff$3929' with positive edge clock.
Creating register for signal `\picorv32.\instr_lbu' using process `\picorv32.$proc$picorv32.v:858$224'.
  created $dff cell `$procdff$3930' with positive edge clock.
Creating register for signal `\picorv32.\instr_lhu' using process `\picorv32.$proc$picorv32.v:858$224'.
  created $dff cell `$procdff$3931' with positive edge clock.
Creating register for signal `\picorv32.\instr_sb' using process `\picorv32.$proc$picorv32.v:858$224'.
  created $dff cell `$procdff$3932' with positive edge clock.
Creating register for signal `\picorv32.\instr_sh' using process `\picorv32.$proc$picorv32.v:858$224'.
  created $dff cell `$procdff$3933' with positive edge clock.
Creating register for signal `\picorv32.\instr_sw' using process `\picorv32.$proc$picorv32.v:858$224'.
  created $dff cell `$procdff$3934' with positive edge clock.
Creating register for signal `\picorv32.\instr_addi' using process `\picorv32.$proc$picorv32.v:858$224'.
  created $dff cell `$procdff$3935' with positive edge clock.
Creating register for signal `\picorv32.\instr_slti' using process `\picorv32.$proc$picorv32.v:858$224'.
  created $dff cell `$procdff$3936' with positive edge clock.
Creating register for signal `\picorv32.\instr_sltiu' using process `\picorv32.$proc$picorv32.v:858$224'.
  created $dff cell `$procdff$3937' with positive edge clock.
Creating register for signal `\picorv32.\instr_xori' using process `\picorv32.$proc$picorv32.v:858$224'.
  created $dff cell `$procdff$3938' with positive edge clock.
Creating register for signal `\picorv32.\instr_ori' using process `\picorv32.$proc$picorv32.v:858$224'.
  created $dff cell `$procdff$3939' with positive edge clock.
Creating register for signal `\picorv32.\instr_andi' using process `\picorv32.$proc$picorv32.v:858$224'.
  created $dff cell `$procdff$3940' with positive edge clock.
Creating register for signal `\picorv32.\instr_slli' using process `\picorv32.$proc$picorv32.v:858$224'.
  created $dff cell `$procdff$3941' with positive edge clock.
Creating register for signal `\picorv32.\instr_srli' using process `\picorv32.$proc$picorv32.v:858$224'.
  created $dff cell `$procdff$3942' with positive edge clock.
Creating register for signal `\picorv32.\instr_srai' using process `\picorv32.$proc$picorv32.v:858$224'.
  created $dff cell `$procdff$3943' with positive edge clock.
Creating register for signal `\picorv32.\instr_add' using process `\picorv32.$proc$picorv32.v:858$224'.
  created $dff cell `$procdff$3944' with positive edge clock.
Creating register for signal `\picorv32.\instr_sub' using process `\picorv32.$proc$picorv32.v:858$224'.
  created $dff cell `$procdff$3945' with positive edge clock.
Creating register for signal `\picorv32.\instr_sll' using process `\picorv32.$proc$picorv32.v:858$224'.
  created $dff cell `$procdff$3946' with positive edge clock.
Creating register for signal `\picorv32.\instr_slt' using process `\picorv32.$proc$picorv32.v:858$224'.
  created $dff cell `$procdff$3947' with positive edge clock.
Creating register for signal `\picorv32.\instr_sltu' using process `\picorv32.$proc$picorv32.v:858$224'.
  created $dff cell `$procdff$3948' with positive edge clock.
Creating register for signal `\picorv32.\instr_xor' using process `\picorv32.$proc$picorv32.v:858$224'.
  created $dff cell `$procdff$3949' with positive edge clock.
Creating register for signal `\picorv32.\instr_srl' using process `\picorv32.$proc$picorv32.v:858$224'.
  created $dff cell `$procdff$3950' with positive edge clock.
Creating register for signal `\picorv32.\instr_sra' using process `\picorv32.$proc$picorv32.v:858$224'.
  created $dff cell `$procdff$3951' with positive edge clock.
Creating register for signal `\picorv32.\instr_or' using process `\picorv32.$proc$picorv32.v:858$224'.
  created $dff cell `$procdff$3952' with positive edge clock.
Creating register for signal `\picorv32.\instr_and' using process `\picorv32.$proc$picorv32.v:858$224'.
  created $dff cell `$procdff$3953' with positive edge clock.
Creating register for signal `\picorv32.\instr_rdcycle' using process `\picorv32.$proc$picorv32.v:858$224'.
  created $dff cell `$procdff$3954' with positive edge clock.
Creating register for signal `\picorv32.\instr_rdcycleh' using process `\picorv32.$proc$picorv32.v:858$224'.
  created $dff cell `$procdff$3955' with positive edge clock.
Creating register for signal `\picorv32.\instr_rdinstr' using process `\picorv32.$proc$picorv32.v:858$224'.
  created $dff cell `$procdff$3956' with positive edge clock.
Creating register for signal `\picorv32.\instr_rdinstrh' using process `\picorv32.$proc$picorv32.v:858$224'.
  created $dff cell `$procdff$3957' with positive edge clock.
Creating register for signal `\picorv32.\instr_ecall_ebreak' using process `\picorv32.$proc$picorv32.v:858$224'.
  created $dff cell `$procdff$3958' with positive edge clock.
Creating register for signal `\picorv32.\instr_fence' using process `\picorv32.$proc$picorv32.v:858$224'.
  created $dff cell `$procdff$3959' with positive edge clock.
Creating register for signal `\picorv32.\instr_getq' using process `\picorv32.$proc$picorv32.v:858$224'.
  created $dff cell `$procdff$3960' with positive edge clock.
Creating register for signal `\picorv32.\instr_setq' using process `\picorv32.$proc$picorv32.v:858$224'.
  created $dff cell `$procdff$3961' with positive edge clock.
Creating register for signal `\picorv32.\instr_retirq' using process `\picorv32.$proc$picorv32.v:858$224'.
  created $dff cell `$procdff$3962' with positive edge clock.
Creating register for signal `\picorv32.\instr_maskirq' using process `\picorv32.$proc$picorv32.v:858$224'.
  created $dff cell `$procdff$3963' with positive edge clock.
Creating register for signal `\picorv32.\instr_waitirq' using process `\picorv32.$proc$picorv32.v:858$224'.
  created $dff cell `$procdff$3964' with positive edge clock.
Creating register for signal `\picorv32.\instr_timer' using process `\picorv32.$proc$picorv32.v:858$224'.
  created $dff cell `$procdff$3965' with positive edge clock.
Creating register for signal `\picorv32.\decoded_rd' using process `\picorv32.$proc$picorv32.v:858$224'.
  created $dff cell `$procdff$3966' with positive edge clock.
Creating register for signal `\picorv32.\decoded_rs1' using process `\picorv32.$proc$picorv32.v:858$224'.
  created $dff cell `$procdff$3967' with positive edge clock.
Creating register for signal `\picorv32.\decoded_rs2' using process `\picorv32.$proc$picorv32.v:858$224'.
  created $dff cell `$procdff$3968' with positive edge clock.
Creating register for signal `\picorv32.\decoded_imm' using process `\picorv32.$proc$picorv32.v:858$224'.
  created $dff cell `$procdff$3969' with positive edge clock.
Creating register for signal `\picorv32.\decoded_imm_j' using process `\picorv32.$proc$picorv32.v:858$224'.
  created $dff cell `$procdff$3970' with positive edge clock.
Creating register for signal `\picorv32.\compressed_instr' using process `\picorv32.$proc$picorv32.v:858$224'.
  created $dff cell `$procdff$3971' with positive edge clock.
Creating register for signal `\picorv32.\is_lui_auipc_jal' using process `\picorv32.$proc$picorv32.v:858$224'.
  created $dff cell `$procdff$3972' with positive edge clock.
Creating register for signal `\picorv32.\is_lb_lh_lw_lbu_lhu' using process `\picorv32.$proc$picorv32.v:858$224'.
  created $dff cell `$procdff$3973' with positive edge clock.
Creating register for signal `\picorv32.\is_slli_srli_srai' using process `\picorv32.$proc$picorv32.v:858$224'.
  created $dff cell `$procdff$3974' with positive edge clock.
Creating register for signal `\picorv32.\is_jalr_addi_slti_sltiu_xori_ori_andi' using process `\picorv32.$proc$picorv32.v:858$224'.
  created $dff cell `$procdff$3975' with positive edge clock.
Creating register for signal `\picorv32.\is_sb_sh_sw' using process `\picorv32.$proc$picorv32.v:858$224'.
  created $dff cell `$procdff$3976' with positive edge clock.
Creating register for signal `\picorv32.\is_sll_srl_sra' using process `\picorv32.$proc$picorv32.v:858$224'.
  created $dff cell `$procdff$3977' with positive edge clock.
Creating register for signal `\picorv32.\is_lui_auipc_jal_jalr_addi_add_sub' using process `\picorv32.$proc$picorv32.v:858$224'.
  created $dff cell `$procdff$3978' with positive edge clock.
Creating register for signal `\picorv32.\is_slti_blt_slt' using process `\picorv32.$proc$picorv32.v:858$224'.
  created $dff cell `$procdff$3979' with positive edge clock.
Creating register for signal `\picorv32.\is_sltiu_bltu_sltu' using process `\picorv32.$proc$picorv32.v:858$224'.
  created $dff cell `$procdff$3980' with positive edge clock.
Creating register for signal `\picorv32.\is_beq_bne_blt_bge_bltu_bgeu' using process `\picorv32.$proc$picorv32.v:858$224'.
  created $dff cell `$procdff$3981' with positive edge clock.
Creating register for signal `\picorv32.\is_lbu_lhu_lw' using process `\picorv32.$proc$picorv32.v:858$224'.
  created $dff cell `$procdff$3982' with positive edge clock.
Creating register for signal `\picorv32.\is_alu_reg_imm' using process `\picorv32.$proc$picorv32.v:858$224'.
  created $dff cell `$procdff$3983' with positive edge clock.
Creating register for signal `\picorv32.\is_alu_reg_reg' using process `\picorv32.$proc$picorv32.v:858$224'.
  created $dff cell `$procdff$3984' with positive edge clock.
Creating register for signal `\picorv32.\is_compare' using process `\picorv32.$proc$picorv32.v:858$224'.
  created $dff cell `$procdff$3985' with positive edge clock.
Creating register for signal `\picorv32.\dbg_insn_addr' using process `\picorv32.$proc$picorv32.v:778$218'.
  created $dff cell `$procdff$3986' with positive edge clock.
Creating register for signal `\picorv32.\q_ascii_instr' using process `\picorv32.$proc$picorv32.v:778$218'.
  created $dff cell `$procdff$3987' with positive edge clock.
Creating register for signal `\picorv32.\q_insn_imm' using process `\picorv32.$proc$picorv32.v:778$218'.
  created $dff cell `$procdff$3988' with positive edge clock.
Creating register for signal `\picorv32.\q_insn_opcode' using process `\picorv32.$proc$picorv32.v:778$218'.
  created $dff cell `$procdff$3989' with positive edge clock.
Creating register for signal `\picorv32.\q_insn_rs1' using process `\picorv32.$proc$picorv32.v:778$218'.
  created $dff cell `$procdff$3990' with positive edge clock.
Creating register for signal `\picorv32.\q_insn_rs2' using process `\picorv32.$proc$picorv32.v:778$218'.
  created $dff cell `$procdff$3991' with positive edge clock.
Creating register for signal `\picorv32.\q_insn_rd' using process `\picorv32.$proc$picorv32.v:778$218'.
  created $dff cell `$procdff$3992' with positive edge clock.
Creating register for signal `\picorv32.\dbg_next' using process `\picorv32.$proc$picorv32.v:778$218'.
  created $dff cell `$procdff$3993' with positive edge clock.
Creating register for signal `\picorv32.\dbg_valid_insn' using process `\picorv32.$proc$picorv32.v:778$218'.
  created $dff cell `$procdff$3994' with positive edge clock.
Creating register for signal `\picorv32.\cached_ascii_instr' using process `\picorv32.$proc$picorv32.v:778$218'.
  created $dff cell `$procdff$3995' with positive edge clock.
Creating register for signal `\picorv32.\cached_insn_imm' using process `\picorv32.$proc$picorv32.v:778$218'.
  created $dff cell `$procdff$3996' with positive edge clock.
Creating register for signal `\picorv32.\cached_insn_opcode' using process `\picorv32.$proc$picorv32.v:778$218'.
  created $dff cell `$procdff$3997' with positive edge clock.
Creating register for signal `\picorv32.\cached_insn_rs1' using process `\picorv32.$proc$picorv32.v:778$218'.
  created $dff cell `$procdff$3998' with positive edge clock.
Creating register for signal `\picorv32.\cached_insn_rs2' using process `\picorv32.$proc$picorv32.v:778$218'.
  created $dff cell `$procdff$3999' with positive edge clock.
Creating register for signal `\picorv32.\cached_insn_rd' using process `\picorv32.$proc$picorv32.v:778$218'.
  created $dff cell `$procdff$4000' with positive edge clock.
Creating register for signal `\picorv32.\mem_valid' using process `\picorv32.$proc$picorv32.v:565$168'.
  created $dff cell `$procdff$4001' with positive edge clock.
Creating register for signal `\picorv32.\mem_instr' using process `\picorv32.$proc$picorv32.v:565$168'.
  created $dff cell `$procdff$4002' with positive edge clock.
Creating register for signal `\picorv32.\mem_addr' using process `\picorv32.$proc$picorv32.v:565$168'.
  created $dff cell `$procdff$4003' with positive edge clock.
Creating register for signal `\picorv32.\mem_wdata' using process `\picorv32.$proc$picorv32.v:565$168'.
  created $dff cell `$procdff$4004' with positive edge clock.
Creating register for signal `\picorv32.\mem_wstrb' using process `\picorv32.$proc$picorv32.v:565$168'.
  created $dff cell `$procdff$4005' with positive edge clock.
Creating register for signal `\picorv32.\mem_state' using process `\picorv32.$proc$picorv32.v:565$168'.
  created $dff cell `$procdff$4006' with positive edge clock.
Creating register for signal `\picorv32.\mem_la_secondword' using process `\picorv32.$proc$picorv32.v:565$168'.
  created $dff cell `$procdff$4007' with positive edge clock.
Creating register for signal `\picorv32.\prefetched_high_word' using process `\picorv32.$proc$picorv32.v:565$168'.
  created $dff cell `$procdff$4008' with positive edge clock.
Creating register for signal `\picorv32.\mem_16bit_buffer' using process `\picorv32.$proc$picorv32.v:565$168'.
  created $dff cell `$procdff$4009' with positive edge clock.
Creating register for signal `\picorv32.$formal$picorv32.v:595$10_CHECK' using process `\picorv32.$proc$picorv32.v:565$168'.
  created $dff cell `$procdff$4010' with positive edge clock.
Creating register for signal `\picorv32.$formal$picorv32.v:595$10_EN' using process `\picorv32.$proc$picorv32.v:565$168'.
  created $dff cell `$procdff$4011' with positive edge clock.
Creating register for signal `\picorv32.$formal$picorv32.v:596$11_CHECK' using process `\picorv32.$proc$picorv32.v:565$168'.
  created $dff cell `$procdff$4012' with positive edge clock.
Creating register for signal `\picorv32.$formal$picorv32.v:596$11_EN' using process `\picorv32.$proc$picorv32.v:565$168'.
  created $dff cell `$procdff$4013' with positive edge clock.
Creating register for signal `\picorv32.$formal$picorv32.v:597$12_CHECK' using process `\picorv32.$proc$picorv32.v:565$168'.
  created $dff cell `$procdff$4014' with positive edge clock.
Creating register for signal `\picorv32.$formal$picorv32.v:597$12_EN' using process `\picorv32.$proc$picorv32.v:565$168'.
  created $dff cell `$procdff$4015' with positive edge clock.
Creating register for signal `\picorv32.$formal$picorv32.v:598$13_CHECK' using process `\picorv32.$proc$picorv32.v:565$168'.
  created $dff cell `$procdff$4016' with positive edge clock.
Creating register for signal `\picorv32.$formal$picorv32.v:598$13_EN' using process `\picorv32.$proc$picorv32.v:565$168'.
  created $dff cell `$procdff$4017' with positive edge clock.
Creating register for signal `\picorv32.$formal$picorv32.v:621$14_CHECK' using process `\picorv32.$proc$picorv32.v:565$168'.
  created $dff cell `$procdff$4018' with positive edge clock.
Creating register for signal `\picorv32.$formal$picorv32.v:621$14_EN' using process `\picorv32.$proc$picorv32.v:565$168'.
  created $dff cell `$procdff$4019' with positive edge clock.
Creating register for signal `\picorv32.$formal$picorv32.v:622$15_CHECK' using process `\picorv32.$proc$picorv32.v:565$168'.
  created $dff cell `$procdff$4020' with positive edge clock.
Creating register for signal `\picorv32.$formal$picorv32.v:622$15_EN' using process `\picorv32.$proc$picorv32.v:565$168'.
  created $dff cell `$procdff$4021' with positive edge clock.
Creating register for signal `\picorv32.$formal$picorv32.v:629$16_CHECK' using process `\picorv32.$proc$picorv32.v:565$168'.
  created $dff cell `$procdff$4022' with positive edge clock.
Creating register for signal `\picorv32.$formal$picorv32.v:629$16_EN' using process `\picorv32.$proc$picorv32.v:565$168'.
  created $dff cell `$procdff$4023' with positive edge clock.
Creating register for signal `\picorv32.$formal$picorv32.v:630$17_CHECK' using process `\picorv32.$proc$picorv32.v:565$168'.
  created $dff cell `$procdff$4024' with positive edge clock.
Creating register for signal `\picorv32.$formal$picorv32.v:630$17_EN' using process `\picorv32.$proc$picorv32.v:565$168'.
  created $dff cell `$procdff$4025' with positive edge clock.
Creating register for signal `\picorv32.$formal$picorv32.v:548$5_CHECK' using process `\picorv32.$proc$picorv32.v:546$140'.
  created $dff cell `$procdff$4026' with positive edge clock.
Creating register for signal `\picorv32.$formal$picorv32.v:548$5_EN' using process `\picorv32.$proc$picorv32.v:546$140'.
  created $dff cell `$procdff$4027' with positive edge clock.
Creating register for signal `\picorv32.$formal$picorv32.v:551$6_CHECK' using process `\picorv32.$proc$picorv32.v:546$140'.
  created $dff cell `$procdff$4028' with positive edge clock.
Creating register for signal `\picorv32.$formal$picorv32.v:551$6_EN' using process `\picorv32.$proc$picorv32.v:546$140'.
  created $dff cell `$procdff$4029' with positive edge clock.
Creating register for signal `\picorv32.$formal$picorv32.v:554$7_CHECK' using process `\picorv32.$proc$picorv32.v:546$140'.
  created $dff cell `$procdff$4030' with positive edge clock.
Creating register for signal `\picorv32.$formal$picorv32.v:554$7_EN' using process `\picorv32.$proc$picorv32.v:546$140'.
  created $dff cell `$procdff$4031' with positive edge clock.
Creating register for signal `\picorv32.$formal$picorv32.v:557$8_CHECK' using process `\picorv32.$proc$picorv32.v:546$140'.
  created $dff cell `$procdff$4032' with positive edge clock.
Creating register for signal `\picorv32.$formal$picorv32.v:557$8_EN' using process `\picorv32.$proc$picorv32.v:546$140'.
  created $dff cell `$procdff$4033' with positive edge clock.
Creating register for signal `\picorv32.$formal$picorv32.v:560$9_CHECK' using process `\picorv32.$proc$picorv32.v:546$140'.
  created $dff cell `$procdff$4034' with positive edge clock.
Creating register for signal `\picorv32.$formal$picorv32.v:560$9_EN' using process `\picorv32.$proc$picorv32.v:546$140'.
  created $dff cell `$procdff$4035' with positive edge clock.
Creating register for signal `\picorv32.\next_insn_opcode' using process `\picorv32.$proc$picorv32.v:430$111'.
  created $dff cell `$procdff$4036' with positive edge clock.
Creating register for signal `\picorv32.\mem_rdata_q' using process `\picorv32.$proc$picorv32.v:430$111'.
  created $dff cell `$procdff$4037' with positive edge clock.
Creating register for signal `\picorv32.\mem_la_firstword_reg' using process `\picorv32.$proc$picorv32.v:390$103'.
  created $dff cell `$procdff$4038' with positive edge clock.
Creating register for signal `\picorv32.\last_mem_valid' using process `\picorv32.$proc$picorv32.v:390$103'.
  created $dff cell `$procdff$4039' with positive edge clock.

2.3.10. Executing PROC_MEMWR pass (convert process memory writes to cells).

2.3.11. Executing PROC_CLEAN pass (remove empty switches from decision trees).
Removing empty process `picorv32.$proc$picorv32.v:0$858'.
Removing empty process `picorv32.$proc$picorv32.v:0$856'.
Removing empty process `picorv32.$proc$picorv32.v:0$854'.
Removing empty process `picorv32.$proc$picorv32.v:0$852'.
Removing empty process `picorv32.$proc$picorv32.v:0$850'.
Removing empty process `picorv32.$proc$picorv32.v:0$848'.
Removing empty process `picorv32.$proc$picorv32.v:0$846'.
Removing empty process `picorv32.$proc$picorv32.v:0$844'.
Removing empty process `picorv32.$proc$picorv32.v:0$842'.
Removing empty process `picorv32.$proc$picorv32.v:0$840'.
Removing empty process `picorv32.$proc$picorv32.v:0$838'.
Removing empty process `picorv32.$proc$picorv32.v:0$836'.
Removing empty process `picorv32.$proc$picorv32.v:0$834'.
Removing empty process `picorv32.$proc$picorv32.v:0$832'.
Removing empty process `picorv32.$proc$picorv32.v:0$830'.
Removing empty process `picorv32.$proc$picorv32.v:0$828'.
Removing empty process `picorv32.$proc$picorv32.v:0$826'.
Removing empty process `picorv32.$proc$picorv32.v:0$824'.
Removing empty process `picorv32.$proc$picorv32.v:0$822'.
Removing empty process `picorv32.$proc$picorv32.v:0$820'.
Removing empty process `picorv32.$proc$picorv32.v:2142$819'.
Removing empty process `picorv32.$proc$picorv32.v:2139$818'.
Removing empty process `picorv32.$proc$picorv32.v:2138$817'.
Removing empty process `picorv32.$proc$picorv32.v:0$860'.
Removing empty process `picorv32.$proc$picorv32.v:1239$782'.
Found and cleaned up 3 empty switches in `\picorv32.$proc$picorv32.v:2144$757'.
Removing empty process `picorv32.$proc$picorv32.v:2144$757'.
Found and cleaned up 10 empty switches in `\picorv32.$proc$picorv32.v:2118$742'.
Removing empty process `picorv32.$proc$picorv32.v:2118$742'.
Removing empty process `picorv32.$proc$picorv32.v:2105$732'.
Found and cleaned up 53 empty switches in `\picorv32.$proc$picorv32.v:1402$564'.
Removing empty process `picorv32.$proc$picorv32.v:1402$564'.
Removing empty process `picorv32.$proc$picorv32.v:1348$548'.
Found and cleaned up 1 empty switch in `\picorv32.$proc$picorv32.v:1337$539'.
Removing empty process `picorv32.$proc$picorv32.v:1337$539'.
Found and cleaned up 2 empty switches in `\picorv32.$proc$picorv32.v:1309$527'.
Removing empty process `picorv32.$proc$picorv32.v:1309$527'.
Found and cleaned up 2 empty switches in `\picorv32.$proc$picorv32.v:1295$522'.
Removing empty process `picorv32.$proc$picorv32.v:1295$522'.
Removing empty process `picorv32.$proc$picorv32.v:1293$521'.
Found and cleaned up 2 empty switches in `\picorv32.$proc$picorv32.v:1249$499'.
Removing empty process `picorv32.$proc$picorv32.v:1249$499'.
Found and cleaned up 8 empty switches in `\picorv32.$proc$picorv32.v:1186$487'.
Removing empty process `picorv32.$proc$picorv32.v:1186$487'.
Found and cleaned up 22 empty switches in `\picorv32.$proc$picorv32.v:858$224'.
Removing empty process `picorv32.$proc$picorv32.v:858$224'.
Found and cleaned up 3 empty switches in `\picorv32.$proc$picorv32.v:809$222'.
Removing empty process `picorv32.$proc$picorv32.v:809$222'.
Found and cleaned up 5 empty switches in `\picorv32.$proc$picorv32.v:778$218'.
Removing empty process `picorv32.$proc$picorv32.v:778$218'.
Found and cleaned up 48 empty switches in `\picorv32.$proc$picorv32.v:701$217'.
Removing empty process `picorv32.$proc$picorv32.v:701$217'.
Found and cleaned up 16 empty switches in `\picorv32.$proc$picorv32.v:565$168'.
Removing empty process `picorv32.$proc$picorv32.v:565$168'.
Found and cleaned up 6 empty switches in `\picorv32.$proc$picorv32.v:546$140'.
Removing empty process `picorv32.$proc$picorv32.v:546$140'.
Found and cleaned up 19 empty switches in `\picorv32.$proc$picorv32.v:430$111'.
Removing empty process `picorv32.$proc$picorv32.v:430$111'.
Found and cleaned up 3 empty switches in `\picorv32.$proc$picorv32.v:401$108'.
Removing empty process `picorv32.$proc$picorv32.v:401$108'.
Found and cleaned up 2 empty switches in `\picorv32.$proc$picorv32.v:390$103'.
Removing empty process `picorv32.$proc$picorv32.v:390$103'.
Found and cleaned up 1 empty switch in `\picorv32.$proc$picorv32.v:325$29'.
Removing empty process `picorv32.$proc$picorv32.v:325$29'.
Cleaned up 206 empty switches.

2.3.12. Executing OPT_EXPR pass (perform const folding).
Optimizing module picorv32.
<suppressed ~847 debug messages>

2.4. Executing OPT_EXPR pass (perform const folding).
Optimizing module picorv32.

2.5. Executing OPT_CLEAN pass (remove unused cells and wires).
Finding unused cells or wires in module \picorv32..
Removed 588 unused cells and 2247 unused wires.
<suppressed ~619 debug messages>

2.6. Executing CHECK pass (checking for obvious problems).
Checking module picorv32...
Found and reported 0 problems.

2.7. Executing OPT pass (performing simple optimizations).

2.7.1. Executing OPT_EXPR pass (perform const folding).
Optimizing module picorv32.

2.7.2. Executing OPT_MERGE pass (detect identical cells).
Finding identical cells in module `\picorv32'.
<suppressed ~756 debug messages>
Removed a total of 252 cells.

2.7.3. Executing OPT_MUXTREE pass (detect dead branches in mux trees).
Running muxtree optimizer on module \picorv32..
  Creating internal representation of mux trees.
  Evaluating internal representation of mux trees.
  Analyzing evaluation results.
    dead port 2/2 on $mux $procmux$1019.
    dead port 2/2 on $mux $procmux$1022.
    dead port 2/2 on $mux $procmux$1034.
    dead port 2/2 on $mux $procmux$1041.
    dead port 2/2 on $mux $procmux$1044.
    dead port 2/2 on $mux $procmux$1068.
    dead port 2/2 on $mux $procmux$1071.
    dead port 2/2 on $mux $procmux$1080.
    dead port 2/2 on $mux $procmux$1083.
    dead port 2/2 on $mux $procmux$1091.
    dead port 2/2 on $mux $procmux$1093.
    dead port 2/2 on $mux $procmux$1096.
    dead port 2/2 on $mux $procmux$1157.
    dead port 2/2 on $mux $procmux$1159.
    dead port 2/2 on $mux $procmux$1162.
    dead port 2/2 on $mux $procmux$1244.
    dead port 2/2 on $mux $procmux$1249.
    dead port 2/2 on $mux $procmux$1252.
    dead port 1/3 on $pmux $procmux$1305.
    dead port 2/2 on $mux $procmux$1337.
    dead port 2/2 on $mux $procmux$1350.
    dead port 2/2 on $mux $procmux$1363.
    dead port 1/7 on $pmux $procmux$1590.
    dead port 2/7 on $pmux $procmux$1590.
    dead port 3/7 on $pmux $procmux$1590.
    dead port 4/7 on $pmux $procmux$1590.
    dead port 5/7 on $pmux $procmux$1590.
    dead port 4/12 on $pmux $procmux$1630.
    dead port 5/12 on $pmux $procmux$1630.
    dead port 6/12 on $pmux $procmux$1630.
    dead port 7/12 on $pmux $procmux$1630.
    dead port 8/12 on $pmux $procmux$1630.
    dead port 1/7 on $pmux $procmux$1835.
    dead port 2/7 on $pmux $procmux$1835.
    dead port 3/7 on $pmux $procmux$1835.
    dead port 4/7 on $pmux $procmux$1835.
    dead port 5/7 on $pmux $procmux$1835.
    dead port 3/4 on $pmux $procmux$1899.
    dead port 1/2 on $mux $procmux$1906.
    dead port 2/2 on $mux $procmux$1906.
    dead port 4/12 on $pmux $procmux$1918.
    dead port 5/12 on $pmux $procmux$1918.
    dead port 6/12 on $pmux $procmux$1918.
    dead port 7/12 on $pmux $procmux$1918.
    dead port 8/12 on $pmux $procmux$1918.
    dead port 4/12 on $pmux $procmux$1982.
    dead port 5/12 on $pmux $procmux$1982.
    dead port 6/12 on $pmux $procmux$1982.
    dead port 7/12 on $pmux $procmux$1982.
    dead port 8/12 on $pmux $procmux$1982.
    dead port 4/12 on $pmux $procmux$2034.
    dead port 5/12 on $pmux $procmux$2034.
    dead port 6/12 on $pmux $procmux$2034.
    dead port 7/12 on $pmux $procmux$2034.
    dead port 8/12 on $pmux $procmux$2034.
    dead port 3/4 on $pmux $procmux$2100.
    dead port 4/12 on $pmux $procmux$2116.
    dead port 5/12 on $pmux $procmux$2116.
    dead port 6/12 on $pmux $procmux$2116.
    dead port 7/12 on $pmux $procmux$2116.
    dead port 8/12 on $pmux $procmux$2116.
    dead port 4/12 on $pmux $procmux$2299.
    dead port 5/12 on $pmux $procmux$2299.
    dead port 6/12 on $pmux $procmux$2299.
    dead port 7/12 on $pmux $procmux$2299.
    dead port 8/12 on $pmux $procmux$2299.
    dead port 1/9 on $pmux $procmux$2352.
    dead port 2/9 on $pmux $procmux$2352.
    dead port 3/9 on $pmux $procmux$2352.
    dead port 4/9 on $pmux $procmux$2352.
    dead port 5/9 on $pmux $procmux$2352.
    dead port 1/5 on $pmux $procmux$2478.
    dead port 2/5 on $pmux $procmux$2478.
    dead port 2/2 on $mux $procmux$2483.
    dead port 1/5 on $pmux $procmux$2487.
    dead port 2/5 on $pmux $procmux$2487.
    dead port 2/2 on $mux $procmux$2492.
    dead port 1/8 on $pmux $procmux$2507.
    dead port 2/8 on $pmux $procmux$2507.
    dead port 2/2 on $mux $procmux$3078.
    dead port 2/2 on $mux $procmux$3084.
    dead port 2/2 on $mux $procmux$3090.
    dead port 2/2 on $mux $procmux$3102.
    dead port 2/2 on $mux $procmux$3108.
    dead port 2/2 on $mux $procmux$3785.
    dead port 2/2 on $mux $procmux$3792.
    dead port 2/2 on $mux $procmux$965.
    dead port 2/2 on $mux $procmux$975.
    dead port 2/2 on $mux $procmux$977.
    dead port 2/2 on $mux $procmux$983.
    dead port 2/2 on $mux $procmux$990.
    dead port 2/2 on $mux $procmux$992.
    dead port 2/2 on $mux $procmux$998.
Removed 93 multiplexer ports.
<suppressed ~213 debug messages>

2.7.4. Executing OPT_REDUCE pass (consolidate $*mux and $reduce_* inputs).
  Optimizing cells in module \picorv32.
    New ctrl vector for $pmux cell $procmux$1327: { $eq$picorv32.v:1194$494_Y $auto$opt_reduce.cc:134:opt_pmux$4042 }
    New ctrl vector for $pmux cell $procmux$1340: { $auto$opt_reduce.cc:134:opt_pmux$4044 $eq$picorv32.v:1195$495_Y }
    New ctrl vector for $pmux cell $procmux$1353: { $eq$picorv32.v:1192$492_Y $auto$opt_reduce.cc:134:opt_pmux$4046 }
    New ctrl vector for $pmux cell $procmux$1570: { $eq$picorv32.v:1190$490_Y $eq$picorv32.v:1192$492_Y $eq$picorv32.v:1193$493_Y $eq$picorv32.v:1195$495_Y }
    New ctrl vector for $pmux cell $procmux$1630: { \is_slli_srli_srai $auto$opt_reduce.cc:134:opt_pmux$4048 }
    New ctrl vector for $pmux cell $procmux$1672: { $eq$picorv32.v:1189$489_Y $eq$picorv32.v:1192$492_Y }
    New ctrl vector for $pmux cell $procmux$1769: { $eq$picorv32.v:1189$489_Y $eq$picorv32.v:1192$492_Y }
    New ctrl vector for $pmux cell $procmux$1812: { $eq$picorv32.v:1189$489_Y $eq$picorv32.v:1190$490_Y $eq$picorv32.v:1192$492_Y $auto$opt_reduce.cc:134:opt_pmux$4050 }
    New ctrl vector for $pmux cell $procmux$1918: { \instr_trap \is_rdcycle_rdcycleh_rdinstr_rdinstrh $logic_and$picorv32.v:1696$641_Y \is_slli_srli_srai $auto$opt_reduce.cc:134:opt_pmux$4052 }
    New ctrl vector for $pmux cell $procmux$1982: $auto$opt_reduce.cc:134:opt_pmux$4054
    New ctrl vector for $pmux cell $procmux$2015: $auto$opt_reduce.cc:134:opt_pmux$4056
    New ctrl vector for $pmux cell $procmux$2034: $auto$opt_reduce.cc:134:opt_pmux$4058
    New ctrl vector for $pmux cell $procmux$2067: $auto$opt_reduce.cc:134:opt_pmux$4060
    New ctrl vector for $pmux cell $procmux$2090: { $eq$picorv32.v:1189$489_Y $eq$picorv32.v:1190$490_Y $eq$picorv32.v:1191$491_Y $eq$picorv32.v:1193$493_Y }
    New ctrl vector for $pmux cell $procmux$2116: { $logic_and$picorv32.v:1696$641_Y $auto$opt_reduce.cc:134:opt_pmux$4064 $auto$opt_reduce.cc:134:opt_pmux$4062 }
    New ctrl vector for $pmux cell $procmux$2299: { $auto$opt_reduce.cc:134:opt_pmux$4068 $auto$opt_reduce.cc:134:opt_pmux$4066 }
    New ctrl vector for $pmux cell $procmux$2352: { $auto$opt_reduce.cc:134:opt_pmux$4070 \is_lui_auipc_jal }
    Consolidated identical input bits for $mux cell $procmux$2468:
      Old ports: A=0, B=32'11111111111111111111111111111111, Y=$0$memwr$\cpuregs$picorv32.v:1344$18_EN[31:0]$542
      New ports: A=1'0, B=1'1, Y=$0$memwr$\cpuregs$picorv32.v:1344$18_EN[31:0]$542 [0]
      New connections: $0$memwr$\cpuregs$picorv32.v:1344$18_EN[31:0]$542 [31:1] = { $0$memwr$\cpuregs$picorv32.v:1344$18_EN[31:0]$542 [0] $0$memwr$\cpuregs$picorv32.v:1344$18_EN[31:0]$542 [0] $0$memwr$\cpuregs$picorv32.v:1344$18_EN[31:0]$542 [0] $0$memwr$\cpuregs$picorv32.v:1344$18_EN[31:0]$542 [0] $0$memwr$\cpuregs$picorv32.v:1344$18_EN[31:0]$542 [0] $0$memwr$\cpuregs$picorv32.v:1344$18_EN[31:0]$542 [0] $0$memwr$\cpuregs$picorv32.v:1344$18_EN[31:0]$542 [0] $0$memwr$\cpuregs$picorv32.v:1344$18_EN[31:0]$542 [0] $0$memwr$\cpuregs$picorv32.v:1344$18_EN[31:0]$542 [0] $0$memwr$\cpuregs$picorv32.v:1344$18_EN[31:0]$542 [0] $0$memwr$\cpuregs$picorv32.v:1344$18_EN[31:0]$542 [0] $0$memwr$\cpuregs$picorv32.v:1344$18_EN[31:0]$542 [0] $0$memwr$\cpuregs$picorv32.v:1344$18_EN[31:0]$542 [0] $0$memwr$\cpuregs$picorv32.v:1344$18_EN[31:0]$542 [0] $0$memwr$\cpuregs$picorv32.v:1344$18_EN[31:0]$542 [0] $0$memwr$\cpuregs$picorv32.v:1344$18_EN[31:0]$542 [0] $0$memwr$\cpuregs$picorv32.v:1344$18_EN[31:0]$542 [0] $0$memwr$\cpuregs$picorv32.v:1344$18_EN[31:0]$542 [0] $0$memwr$\cpuregs$picorv32.v:1344$18_EN[31:0]$542 [0] $0$memwr$\cpuregs$picorv32.v:1344$18_EN[31:0]$542 [0] $0$memwr$\cpuregs$picorv32.v:1344$18_EN[31:0]$542 [0] $0$memwr$\cpuregs$picorv32.v:1344$18_EN[31:0]$542 [0] $0$memwr$\cpuregs$picorv32.v:1344$18_EN[31:0]$542 [0] $0$memwr$\cpuregs$picorv32.v:1344$18_EN[31:0]$542 [0] $0$memwr$\cpuregs$picorv32.v:1344$18_EN[31:0]$542 [0] $0$memwr$\cpuregs$picorv32.v:1344$18_EN[31:0]$542 [0] $0$memwr$\cpuregs$picorv32.v:1344$18_EN[31:0]$542 [0] $0$memwr$\cpuregs$picorv32.v:1344$18_EN[31:0]$542 [0] $0$memwr$\cpuregs$picorv32.v:1344$18_EN[31:0]$542 [0] $0$memwr$\cpuregs$picorv32.v:1344$18_EN[31:0]$542 [0] $0$memwr$\cpuregs$picorv32.v:1344$18_EN[31:0]$542 [0] }
    New ctrl vector for $pmux cell $procmux$2478: $auto$opt_reduce.cc:134:opt_pmux$4072
    New input vector for $reduce_or cell $auto$opt_reduce.cc:128:opt_pmux$4067: { $logic_and$picorv32.v:1696$641_Y \is_slli_srli_srai \instr_trap \instr_rdinstrh \instr_rdinstr \instr_rdcycleh \instr_rdcycle }
    New input vector for $reduce_or cell $auto$opt_reduce.cc:128:opt_pmux$4069: { \instr_trap \instr_rdinstrh \instr_rdinstr \instr_rdcycleh \instr_rdcycle }
    New input vector for $reduce_or cell $auto$opt_reduce.cc:128:opt_pmux$4047: { $logic_and$picorv32.v:1696$641_Y \is_jalr_addi_slti_sltiu_xori_ori_andi \is_lui_auipc_jal \instr_trap \instr_rdinstrh \instr_rdinstr \instr_rdcycleh \instr_rdcycle }
    New input vector for $reduce_or cell $auto$opt_reduce.cc:128:opt_pmux$4053: { $logic_and$picorv32.v:1696$641_Y \is_jalr_addi_slti_sltiu_xori_ori_andi \is_slli_srli_srai \is_lui_auipc_jal \instr_trap \instr_rdinstrh \instr_rdinstr \instr_rdcycleh \instr_rdcycle }
    New input vector for $reduce_or cell $auto$opt_reduce.cc:128:opt_pmux$4055: { \is_lui_auipc_jal \instr_trap \instr_rdinstrh \instr_rdinstr \instr_rdcycleh \instr_rdcycle }
    New input vector for $reduce_or cell $auto$opt_reduce.cc:128:opt_pmux$4057: { $logic_and$picorv32.v:1696$641_Y \is_jalr_addi_slti_sltiu_xori_ori_andi \is_slli_srli_srai \is_lui_auipc_jal \instr_trap \instr_rdinstrh \instr_rdinstr \instr_rdcycleh \instr_rdcycle }
    New input vector for $reduce_or cell $auto$opt_reduce.cc:128:opt_pmux$4059: { \is_lui_auipc_jal \instr_trap \instr_rdinstrh \instr_rdinstr \instr_rdcycleh \instr_rdcycle }
    New input vector for $reduce_or cell $auto$opt_reduce.cc:128:opt_pmux$4063: { \is_slli_srli_srai \instr_trap \instr_rdinstrh \instr_rdinstr \instr_rdcycleh \instr_rdcycle }
  Optimizing cells in module \picorv32.
Performed a total of 33 changes.

2.7.5. Executing OPT_MERGE pass (detect identical cells).
Finding identical cells in module `\picorv32'.
<suppressed ~123 debug messages>
Removed a total of 41 cells.

2.7.6. Executing OPT_CLEAN pass (remove unused cells and wires).
Finding unused cells or wires in module \picorv32..
Removed 24 unused cells and 362 unused wires.
<suppressed ~32 debug messages>

2.7.7. Executing OPT_EXPR pass (perform const folding).
Optimizing module picorv32.

2.7.8. Rerunning OPT passes. (Maybe there is more to do..)

2.7.9. Executing OPT_MUXTREE pass (detect dead branches in mux trees).
Running muxtree optimizer on module \picorv32..
  Creating internal representation of mux trees.
  Evaluating internal representation of mux trees.
  Analyzing evaluation results.
Removed 0 multiplexer ports.
<suppressed ~199 debug messages>

2.7.10. Executing OPT_REDUCE pass (consolidate $*mux and $reduce_* inputs).
  Optimizing cells in module \picorv32.
    New ctrl vector for $pmux cell $procmux$1440: $auto$opt_reduce.cc:134:opt_pmux$4074
    New ctrl vector for $pmux cell $procmux$1457: { $eq$picorv32.v:1192$492_Y $auto$opt_reduce.cc:134:opt_pmux$4076 }
    New ctrl vector for $pmux cell $procmux$1877: { $eq$picorv32.v:1189$489_Y $eq$picorv32.v:1190$490_Y $eq$picorv32.v:1191$491_Y $eq$picorv32.v:1192$492_Y $eq$picorv32.v:1193$493_Y $auto$opt_reduce.cc:134:opt_pmux$4078 }
    New ctrl vector for $pmux cell $procmux$3504: { $logic_and$picorv32.v:380$78_Y $auto$opt_reduce.cc:134:opt_pmux$4080 }
  Optimizing cells in module \picorv32.
Performed a total of 4 changes.

2.7.11. Executing OPT_MERGE pass (detect identical cells).
Finding identical cells in module `\picorv32'.
<suppressed ~6 debug messages>
Removed a total of 2 cells.

2.7.12. Executing OPT_CLEAN pass (remove unused cells and wires).
Finding unused cells or wires in module \picorv32..
Removed 0 unused cells and 2 unused wires.
<suppressed ~1 debug messages>

2.7.13. Executing OPT_EXPR pass (perform const folding).
Optimizing module picorv32.

2.7.14. Rerunning OPT passes. (Maybe there is more to do..)

2.7.15. Executing OPT_MUXTREE pass (detect dead branches in mux trees).
Running muxtree optimizer on module \picorv32..
  Creating internal representation of mux trees.
  Evaluating internal representation of mux trees.
  Analyzing evaluation results.
Removed 0 multiplexer ports.
<suppressed ~199 debug messages>

2.7.16. Executing OPT_REDUCE pass (consolidate $*mux and $reduce_* inputs).
  Optimizing cells in module \picorv32.
Performed a total of 0 changes.

2.7.17. Executing OPT_MERGE pass (detect identical cells).
Finding identical cells in module `\picorv32'.
Removed a total of 0 cells.

2.7.18. Executing OPT_CLEAN pass (remove unused cells and wires).
Finding unused cells or wires in module \picorv32..

2.7.19. Executing OPT_EXPR pass (perform const folding).
Optimizing module picorv32.

2.7.20. Finished OPT passes. (There is nothing left to do.)

2.8. Executing WREDUCE pass (reducing word size of cells).
Removed top 3 bits (of 4) from port A of cell picorv32.$shl$picorv32.v:419$110 ($shl).
Removed top 30 bits (of 32) from mux cell picorv32.$ternary$picorv32.v:617$211 ($mux).
Removed top 1 bits (of 7) from port B of cell picorv32.$eq$picorv32.v:867$232 ($eq).
Removed top 2 bits (of 7) from port B of cell picorv32.$eq$picorv32.v:868$233 ($eq).
Removed top 5 bits (of 7) from port B of cell picorv32.$eq$picorv32.v:875$247 ($eq).
Removed top 1 bits (of 7) from port B of cell picorv32.$eq$picorv32.v:876$248 ($eq).
Removed top 2 bits (of 7) from port B of cell picorv32.$eq$picorv32.v:877$249 ($eq).
Removed top 1 bits (of 7) from port B of cell picorv32.$eq$picorv32.v:878$250 ($eq).
Removed top 2 bits (of 3) from port B of cell picorv32.$eq$picorv32.v:1041$306 ($eq).
Removed top 1 bits (of 3) from port B of cell picorv32.$eq$picorv32.v:1049$320 ($eq).
Removed top 1 bits (of 3) from port B of cell picorv32.$eq$picorv32.v:1059$336 ($eq).
Removed top 1 bits (of 7) from port B of cell picorv32.$eq$picorv32.v:1066$354 ($eq).
Removed top 3 bits (of 7) from port B of cell picorv32.$eq$picorv32.v:1088$430 ($eq).
Removed top 1 bits (of 8) from port B of cell picorv32.$eq$picorv32.v:1189$489 ($eq).
Removed top 2 bits (of 8) from port B of cell picorv32.$eq$picorv32.v:1190$490 ($eq).
Removed top 3 bits (of 8) from port B of cell picorv32.$eq$picorv32.v:1191$491 ($eq).
Removed top 4 bits (of 8) from port B of cell picorv32.$eq$picorv32.v:1192$492 ($eq).
Removed top 5 bits (of 8) from port B of cell picorv32.$eq$picorv32.v:1193$493 ($eq).
Removed top 6 bits (of 8) from port B of cell picorv32.$eq$picorv32.v:1194$494 ($eq).
Removed top 7 bits (of 8) from port B of cell picorv32.$eq$picorv32.v:1195$495 ($eq).
Removed top 29 bits (of 32) from mux cell picorv32.$ternary$picorv32.v:1317$529 ($mux).
Removed top 29 bits (of 32) from port B of cell picorv32.$add$picorv32.v:1317$530 ($add).
Removed top 31 bits (of 32) from port B of cell picorv32.$add$picorv32.v:1433$565 ($add).
Removed top 29 bits (of 32) from mux cell picorv32.$ternary$picorv32.v:1560$616 ($mux).
Removed top 29 bits (of 32) from port B of cell picorv32.$add$picorv32.v:1560$617 ($add).
Removed top 31 bits (of 32) from port B of cell picorv32.$add$picorv32.v:1564$618 ($add).
Removed top 29 bits (of 32) from port B of cell picorv32.$ge$picorv32.v:1835$670 ($ge).
Removed top 29 bits (of 32) from port B of cell picorv32.$sub$picorv32.v:1842$678 ($sub).
Removed top 27 bits (of 32) from port Y of cell picorv32.$sub$picorv32.v:1842$678 ($sub).
Removed top 31 bits (of 32) from port B of cell picorv32.$sub$picorv32.v:1850$685 ($sub).
Removed top 27 bits (of 32) from port Y of cell picorv32.$sub$picorv32.v:1850$685 ($sub).
Removed top 1 bits (of 2) from port B of cell picorv32.$eq$picorv32.v:1930$710 ($eq).
Removed top 4 bits (of 8) from mux cell picorv32.$procmux$1899 ($pmux).
Removed top 97 bits (of 128) from mux cell picorv32.$procmux$2545 ($mux).
Removed top 41 bits (of 64) from mux cell picorv32.$procmux$3292 ($mux).
Removed top 1 bits (of 2) from port B of cell picorv32.$procmux$3297_CMP0 ($eq).
Removed top 1 bits (of 2) from port B of cell picorv32.$procmux$3783_CMP0 ($eq).
Removed top 97 bits (of 128) from wire picorv32.$1\dbg_ascii_state[127:0].
Removed top 41 bits (of 64) from wire picorv32.$1\new_ascii_instr[63:0].
Removed top 4 bits (of 8) from wire picorv32.$procmux$1899_Y.
Removed top 27 bits (of 32) from wire picorv32.$sub$picorv32.v:1842$678_Y.
Removed top 29 bits (of 32) from wire picorv32.$ternary$picorv32.v:1317$529_Y.
Removed top 29 bits (of 32) from wire picorv32.$ternary$picorv32.v:1560$616_Y.

2.9. Executing OPT_CLEAN pass (remove unused cells and wires).
Finding unused cells or wires in module \picorv32..
Removed 0 unused cells and 7 unused wires.
<suppressed ~1 debug messages>

2.10. Executing MEMORY_COLLECT pass (generating $mem cells).

2.11. Executing OPT pass (performing simple optimizations).

2.11.1. Executing OPT_EXPR pass (perform const folding).
Optimizing module picorv32.

2.11.2. Executing OPT_MERGE pass (detect identical cells).
Finding identical cells in module `\picorv32'.
Removed a total of 0 cells.

2.11.3. Executing OPT_CLEAN pass (remove unused cells and wires).
Finding unused cells or wires in module \picorv32..

2.11.4. Finished fast OPT passes.

2.12. Printing statistics.

=== picorv32 ===

   Number of wires:                874
   Number of wire bits:           9619
   Number of public wires:         195
   Number of public wire bits:    2121
   Number of memories:               0
   Number of memory bits:            0
   Number of processes:              0
   Number of cells:                880
     $add                            9
     $and                            2
     $assert                        23
     $assume                         2
     $dff                          162
     $eq                            46
     $ge                             1
     $initstate                      1
     $logic_and                     85
     $logic_not                     27
     $logic_or                      27
     $lt                             2
     $mem_v2                         1
     $mux                          407
     $ne                             1
     $not                            1
     $or                             1
     $pmux                          44
     $reduce_and                     1
     $reduce_bool                    4
     $reduce_or                     28
     $shl                            1
     $sub                            3
     $xor                            1

2.13. Executing CHECK pass (checking for obvious problems).
Checking module picorv32...
Found and reported 0 problems.

3. Executing HIERARCHY pass (managing design hierarchy).

3.1. Analyzing design hierarchy..
Top module:  \picorv32

3.2. Analyzing design hierarchy..
Top module:  \picorv32
Removed 0 unused modules.
Module picorv32 directly or indirectly contains formal properties -> setting "keep" attribute.

4. Executing jny backend.

5. Executing RTLIL backend.
Output filename: ../model/design.il

End of script. Logfile hash: 706ab74c29, CPU: user 0.89s system 0.02s, MEM: 30.79 MB peak
Yosys 0.33 (git sha1 2584903a060)
Time spent: 23% 6x opt_clean (0 sec), 20% 7x opt_expr (0 sec), ...
